18:22:03 INFO  : Registering command handlers for SDK TCF services
18:22:05 INFO  : Launching XSCT server: xsct -n -interactive /home/users/kfujita/tmp_test/Zybo-Z7-20-pcam-5c-2019.1/vivado_proj/Zybo-Z7-20-pcam-5c.sdk/temp_xsdb_launch_script.tcl
18:22:08 INFO  : XSCT server has started successfully.
18:22:09 INFO  : Successfully done setting XSCT server connection channel  
18:22:09 INFO  : Processing command line option -hwspec /home/users/kfujita/tmp_test/Zybo-Z7-20-pcam-5c-2019.1/vivado_proj/Zybo-Z7-20-pcam-5c.sdk/system_top.hdf.
18:22:09 INFO  : Successfully done setting SDK workspace  
18:37:36 INFO  : Launching XSCT server: xsct -n -interactive /home/users/kfujita/tmp_test/Zybo-Z7-20-pcam-5c-2019.1/vivado_proj/Zybo-Z7-20-pcam-5c.sdk/temp_xsdb_launch_script.tcl
18:37:39 INFO  : XSCT server has started successfully.
18:37:40 INFO  : Successfully done setting XSCT server connection channel  
18:37:41 INFO  : Successfully done setting SDK workspace  
18:37:47 INFO  : Registering command handlers for SDK TCF services
18:37:47 INFO  : Processing command line option -hwspec /home/users/kfujita/tmp_test/Zybo-Z7-20-pcam-5c-2019.1/vivado_proj/Zybo-Z7-20-pcam-5c.sdk/system_top.hdf.
18:37:48 INFO  : Checking for hwspec changes in the project system_top_hw_platform_0.
18:37:56 INFO  : Connected to target on host '127.0.0.1' and port '3121'.
18:37:56 INFO  : 'targets -set -filter {jtag_cable_name =~ "Digilent Zybo Z7 210351A81FE5A" && level==0} -index 1' command is executed.
18:37:59 INFO  : FPGA configured successfully with bitstream "/home/users/kfujita/tmp_test/Zybo-Z7-20-pcam-5c-2019.1/vivado_proj/Zybo-Z7-20-pcam-5c.sdk/system_top_hw_platform_0/system_top.bit"
18:38:17 INFO  : 'targets -set -filter {jtag_cable_name =~ "Digilent Zybo Z7 210351A81FE5A" && level==0} -index 1' command is executed.
18:38:17 INFO  : 'fpga -state' command is executed.
18:38:17 INFO  : Connected to target on host '127.0.0.1' and port '3121'.
18:38:18 INFO  : Jtag cable 'Digilent Zybo Z7 210351A81FE5A' is selected.
18:38:18 INFO  : 'jtag frequency' command is executed.
18:38:18 INFO  : Sourcing of '/home/users/kfujita/tmp_test/Zybo-Z7-20-pcam-5c-2019.1/vivado_proj/Zybo-Z7-20-pcam-5c.sdk/system_top_hw_platform_0/ps7_init.tcl' is done.
18:38:18 INFO  : Context for 'APU' is selected.
18:38:18 INFO  : Hardware design information is loaded from '/home/users/kfujita/tmp_test/Zybo-Z7-20-pcam-5c-2019.1/vivado_proj/Zybo-Z7-20-pcam-5c.sdk/system_top_hw_platform_0/system.hdf'.
18:38:18 INFO  : 'configparams force-mem-access 1' command is executed.
18:38:18 INFO  : Context for 'APU' is selected.
18:38:18 INFO  : 'stop' command is executed.
18:38:18 INFO  : 'ps7_init' command is executed.
18:38:18 INFO  : 'ps7_post_config' command is executed.
18:38:18 INFO  : Context for processor 'ps7_cortexa9_0' is selected.
18:38:18 INFO  : Processor reset is completed for 'ps7_cortexa9_0'.
18:38:18 INFO  : Context for processor 'ps7_cortexa9_0' is selected.
18:38:20 INFO  : The application '/home/users/kfujita/tmp_test/Zybo-Z7-20-pcam-5c-2019.1/vivado_proj/Zybo-Z7-20-pcam-5c.sdk/pcam_vdma_hdmi/Debug/pcam_vdma_hdmi.elf' is downloaded to processor 'ps7_cortexa9_0'.
18:38:20 INFO  : 'configparams force-mem-access 0' command is executed.
18:38:20 INFO  : ----------------XSDB Script----------------
connect -url tcp:127.0.0.1:3121
source /home/users/kfujita/tmp_test/Zybo-Z7-20-pcam-5c-2019.1/vivado_proj/Zybo-Z7-20-pcam-5c.sdk/system_top_hw_platform_0/ps7_init.tcl
targets -set -nocase -filter {name =~"APU*" && jtag_cable_name =~ "Digilent Zybo Z7 210351A81FE5A"} -index 0
loadhw -hw /home/users/kfujita/tmp_test/Zybo-Z7-20-pcam-5c-2019.1/vivado_proj/Zybo-Z7-20-pcam-5c.sdk/system_top_hw_platform_0/system.hdf -mem-ranges [list {0x40000000 0xbfffffff}]
configparams force-mem-access 1
targets -set -nocase -filter {name =~"APU*" && jtag_cable_name =~ "Digilent Zybo Z7 210351A81FE5A"} -index 0
stop
ps7_init
ps7_post_config
targets -set -nocase -filter {name =~ "ARM*#0" && jtag_cable_name =~ "Digilent Zybo Z7 210351A81FE5A"} -index 0
rst -processor
targets -set -nocase -filter {name =~ "ARM*#0" && jtag_cable_name =~ "Digilent Zybo Z7 210351A81FE5A"} -index 0
dow /home/users/kfujita/tmp_test/Zybo-Z7-20-pcam-5c-2019.1/vivado_proj/Zybo-Z7-20-pcam-5c.sdk/pcam_vdma_hdmi/Debug/pcam_vdma_hdmi.elf
configparams force-mem-access 0
----------------End of Script----------------

18:38:20 INFO  : Memory regions updated for context APU
18:38:20 INFO  : Context for processor 'ps7_cortexa9_0' is selected.
18:38:20 INFO  : 'con' command is executed.
18:38:20 INFO  : ----------------XSDB Script (After Launch)----------------
targets -set -nocase -filter {name =~ "ARM*#0" && jtag_cable_name =~ "Digilent Zybo Z7 210351A81FE5A"} -index 0
con
----------------End of Script----------------

18:38:20 INFO  : Launch script is exported to file '/home/users/kfujita/tmp_test/Zybo-Z7-20-pcam-5c-2019.1/vivado_proj/Zybo-Z7-20-pcam-5c.sdk/.sdk/launch_scripts/xilinx_c-c++_application_(system_debugger)/system_debugger_using_debug_pcam_vdma_hdmi.elf_on_local.tcl'
18:39:42 INFO  : Connected to target on host '127.0.0.1' and port '3121'.
18:39:42 INFO  : 'targets -set -filter {jtag_cable_name =~ "Digilent Zybo Z7 210351A81FE5A" && level==0} -index 1' command is executed.
18:39:44 INFO  : FPGA configured successfully with bitstream "/home/users/kfujita/tmp_test/Zybo-Z7-20-pcam-5c-2019.1/vivado_proj/Zybo-Z7-20-pcam-5c.sdk/system_top_hw_platform_0/system_top.bit"
18:39:58 INFO  : Disconnected from the channel tcfchan#1.
18:39:59 INFO  : 'targets -set -filter {jtag_cable_name =~ "Digilent Zybo Z7 210351A81FE5A" && level==0} -index 1' command is executed.
18:39:59 INFO  : 'fpga -state' command is executed.
18:39:59 INFO  : Connected to target on host '127.0.0.1' and port '3121'.
18:39:59 INFO  : Jtag cable 'Digilent Zybo Z7 210351A81FE5A' is selected.
18:39:59 INFO  : 'jtag frequency' command is executed.
18:39:59 INFO  : Sourcing of '/home/users/kfujita/tmp_test/Zybo-Z7-20-pcam-5c-2019.1/vivado_proj/Zybo-Z7-20-pcam-5c.sdk/system_top_hw_platform_0/ps7_init.tcl' is done.
18:39:59 INFO  : Context for 'APU' is selected.
18:40:01 INFO  : Hardware design information is loaded from '/home/users/kfujita/tmp_test/Zybo-Z7-20-pcam-5c-2019.1/vivado_proj/Zybo-Z7-20-pcam-5c.sdk/system_top_hw_platform_0/system.hdf'.
18:40:01 INFO  : 'configparams force-mem-access 1' command is executed.
18:40:01 INFO  : Context for 'APU' is selected.
18:40:01 INFO  : 'stop' command is executed.
18:40:02 INFO  : 'ps7_init' command is executed.
18:40:02 INFO  : 'ps7_post_config' command is executed.
18:40:02 INFO  : Context for processor 'ps7_cortexa9_0' is selected.
18:40:02 INFO  : Processor reset is completed for 'ps7_cortexa9_0'.
18:40:02 INFO  : Context for processor 'ps7_cortexa9_0' is selected.
18:40:03 INFO  : The application '/home/users/kfujita/tmp_test/Zybo-Z7-20-pcam-5c-2019.1/vivado_proj/Zybo-Z7-20-pcam-5c.sdk/pcam_vdma_hdmi/Debug/pcam_vdma_hdmi.elf' is downloaded to processor 'ps7_cortexa9_0'.
18:40:03 INFO  : 'configparams force-mem-access 0' command is executed.
18:40:03 INFO  : ----------------XSDB Script----------------
connect -url tcp:127.0.0.1:3121
source /home/users/kfujita/tmp_test/Zybo-Z7-20-pcam-5c-2019.1/vivado_proj/Zybo-Z7-20-pcam-5c.sdk/system_top_hw_platform_0/ps7_init.tcl
targets -set -nocase -filter {name =~"APU*" && jtag_cable_name =~ "Digilent Zybo Z7 210351A81FE5A"} -index 0
loadhw -hw /home/users/kfujita/tmp_test/Zybo-Z7-20-pcam-5c-2019.1/vivado_proj/Zybo-Z7-20-pcam-5c.sdk/system_top_hw_platform_0/system.hdf -mem-ranges [list {0x40000000 0xbfffffff}]
configparams force-mem-access 1
targets -set -nocase -filter {name =~"APU*" && jtag_cable_name =~ "Digilent Zybo Z7 210351A81FE5A"} -index 0
stop
ps7_init
ps7_post_config
targets -set -nocase -filter {name =~ "ARM*#0" && jtag_cable_name =~ "Digilent Zybo Z7 210351A81FE5A"} -index 0
rst -processor
targets -set -nocase -filter {name =~ "ARM*#0" && jtag_cable_name =~ "Digilent Zybo Z7 210351A81FE5A"} -index 0
dow /home/users/kfujita/tmp_test/Zybo-Z7-20-pcam-5c-2019.1/vivado_proj/Zybo-Z7-20-pcam-5c.sdk/pcam_vdma_hdmi/Debug/pcam_vdma_hdmi.elf
configparams force-mem-access 0
----------------End of Script----------------

18:40:03 INFO  : Memory regions updated for context APU
18:40:03 INFO  : Context for processor 'ps7_cortexa9_0' is selected.
18:40:03 INFO  : 'con' command is executed.
18:40:03 INFO  : ----------------XSDB Script (After Launch)----------------
targets -set -nocase -filter {name =~ "ARM*#0" && jtag_cable_name =~ "Digilent Zybo Z7 210351A81FE5A"} -index 0
con
----------------End of Script----------------

18:40:03 INFO  : Launch script is exported to file '/home/users/kfujita/tmp_test/Zybo-Z7-20-pcam-5c-2019.1/vivado_proj/Zybo-Z7-20-pcam-5c.sdk/.sdk/launch_scripts/xilinx_c-c++_application_(system_debugger)/system_debugger_using_debug_pcam_vdma_hdmi.elf_on_local.tcl'
18:42:06 INFO  : Disconnected from the channel tcfchan#2.
19:11:17 INFO  : Launching XSCT server: xsct -n -interactive /home/users/kfujita/tmp_test/Zybo-Z7-20-pcam-5c-2019.1/vivado_proj/Zybo-Z7-20-pcam-5c.sdk/temp_xsdb_launch_script.tcl
19:11:20 INFO  : XSCT server has started successfully.
19:11:20 INFO  : Successfully done setting XSCT server connection channel  
19:11:22 INFO  : Successfully done setting SDK workspace  
19:11:28 INFO  : Registering command handlers for SDK TCF services
19:11:28 INFO  : Processing command line option -hwspec /home/users/kfujita/tmp_test/Zybo-Z7-20-pcam-5c-2019.1/vivado_proj/Zybo-Z7-20-pcam-5c.sdk/system_top.hdf.
19:11:29 INFO  : Checking for hwspec changes in the project system_top_hw_platform_0.
19:11:29 INFO  : SDK has detected change in the last modified timestamps for source hardware specification file Source:1597745333000,  Project:1597742427000
19:11:29 INFO  : The hardware specification for project 'system_top_hw_platform_0' is different from /home/users/kfujita/tmp_test/Zybo-Z7-20-pcam-5c-2019.1/vivado_proj/Zybo-Z7-20-pcam-5c.sdk/system_top.hdf.
19:11:29 INFO  : Copied contents of /home/users/kfujita/tmp_test/Zybo-Z7-20-pcam-5c-2019.1/vivado_proj/Zybo-Z7-20-pcam-5c.sdk/system_top.hdf into /system_top_hw_platform_0/system.hdf.
19:11:32 INFO  : Synchronizing projects in the workspace with the hardware platform specification changes.
19:11:44 INFO  : 
19:11:45 INFO  : Updating hardware inferred compiler options for pcam_vdma_hdmi.
19:11:45 INFO  : Clearing existing target manager status.
19:11:45 INFO  : Closing and re-opening the MSS file of ther project pcam_vdma_hdmi_bsp
19:11:47 INFO  : Workspace synchronized with the new hardware specification file. Cleaning dependent projects...
19:11:48 WARN  : Linker script will not be updated automatically. Users need to update it manually.
19:12:44 INFO  : Connected to target on host '127.0.0.1' and port '3121'.
19:12:44 INFO  : 'targets -set -filter {jtag_cable_name =~ "Digilent Zybo Z7 210351A81FE5A" && level==0} -index 1' command is executed.
19:12:47 INFO  : FPGA configured successfully with bitstream "/home/users/kfujita/tmp_test/Zybo-Z7-20-pcam-5c-2019.1/vivado_proj/Zybo-Z7-20-pcam-5c.sdk/system_top_hw_platform_0/system_top.bit"
19:12:54 INFO  : 'targets -set -filter {jtag_cable_name =~ "Digilent Zybo Z7 210351A81FE5A" && level==0} -index 1' command is executed.
19:12:54 INFO  : 'fpga -state' command is executed.
19:12:54 INFO  : Connected to target on host '127.0.0.1' and port '3121'.
19:12:55 INFO  : Jtag cable 'Digilent Zybo Z7 210351A81FE5A' is selected.
19:12:55 INFO  : 'jtag frequency' command is executed.
19:12:55 INFO  : Sourcing of '/home/users/kfujita/tmp_test/Zybo-Z7-20-pcam-5c-2019.1/vivado_proj/Zybo-Z7-20-pcam-5c.sdk/system_top_hw_platform_0/ps7_init.tcl' is done.
19:12:55 INFO  : Context for 'APU' is selected.
19:12:55 INFO  : Hardware design information is loaded from '/home/users/kfujita/tmp_test/Zybo-Z7-20-pcam-5c-2019.1/vivado_proj/Zybo-Z7-20-pcam-5c.sdk/system_top_hw_platform_0/system.hdf'.
19:12:55 INFO  : 'configparams force-mem-access 1' command is executed.
19:12:55 INFO  : Context for 'APU' is selected.
19:12:55 INFO  : 'stop' command is executed.
19:12:55 INFO  : 'ps7_init' command is executed.
19:12:55 INFO  : 'ps7_post_config' command is executed.
19:12:55 INFO  : Context for processor 'ps7_cortexa9_0' is selected.
19:12:55 INFO  : Processor reset is completed for 'ps7_cortexa9_0'.
19:12:55 INFO  : Context for processor 'ps7_cortexa9_0' is selected.
19:12:57 INFO  : The application '/home/users/kfujita/tmp_test/Zybo-Z7-20-pcam-5c-2019.1/vivado_proj/Zybo-Z7-20-pcam-5c.sdk/pcam_vdma_hdmi/Debug/pcam_vdma_hdmi.elf' is downloaded to processor 'ps7_cortexa9_0'.
19:12:57 INFO  : 'configparams force-mem-access 0' command is executed.
19:12:57 INFO  : ----------------XSDB Script----------------
connect -url tcp:127.0.0.1:3121
source /home/users/kfujita/tmp_test/Zybo-Z7-20-pcam-5c-2019.1/vivado_proj/Zybo-Z7-20-pcam-5c.sdk/system_top_hw_platform_0/ps7_init.tcl
targets -set -nocase -filter {name =~"APU*" && jtag_cable_name =~ "Digilent Zybo Z7 210351A81FE5A"} -index 0
loadhw -hw /home/users/kfujita/tmp_test/Zybo-Z7-20-pcam-5c-2019.1/vivado_proj/Zybo-Z7-20-pcam-5c.sdk/system_top_hw_platform_0/system.hdf -mem-ranges [list {0x40000000 0xbfffffff}]
configparams force-mem-access 1
targets -set -nocase -filter {name =~"APU*" && jtag_cable_name =~ "Digilent Zybo Z7 210351A81FE5A"} -index 0
stop
ps7_init
ps7_post_config
targets -set -nocase -filter {name =~ "ARM*#0" && jtag_cable_name =~ "Digilent Zybo Z7 210351A81FE5A"} -index 0
rst -processor
targets -set -nocase -filter {name =~ "ARM*#0" && jtag_cable_name =~ "Digilent Zybo Z7 210351A81FE5A"} -index 0
dow /home/users/kfujita/tmp_test/Zybo-Z7-20-pcam-5c-2019.1/vivado_proj/Zybo-Z7-20-pcam-5c.sdk/pcam_vdma_hdmi/Debug/pcam_vdma_hdmi.elf
configparams force-mem-access 0
----------------End of Script----------------

19:12:57 INFO  : Memory regions updated for context APU
19:12:57 INFO  : Context for processor 'ps7_cortexa9_0' is selected.
19:12:57 INFO  : 'con' command is executed.
19:12:57 INFO  : ----------------XSDB Script (After Launch)----------------
targets -set -nocase -filter {name =~ "ARM*#0" && jtag_cable_name =~ "Digilent Zybo Z7 210351A81FE5A"} -index 0
con
----------------End of Script----------------

19:12:57 INFO  : Launch script is exported to file '/home/users/kfujita/tmp_test/Zybo-Z7-20-pcam-5c-2019.1/vivado_proj/Zybo-Z7-20-pcam-5c.sdk/.sdk/launch_scripts/xilinx_c-c++_application_(system_debugger)/system_debugger_using_debug_pcam_vdma_hdmi.elf_on_local.tcl'
19:15:32 INFO  : Disconnected from the channel tcfchan#1.
12:06:08 INFO  : Registering command handlers for SDK TCF services
12:06:09 INFO  : Launching XSCT server: xsct -n -interactive /home/users/kfujita/tmp_test/Zybo-Z7-20-pcam-5c-2019.1/vivado_proj/Zybo-Z7-20-pcam-5c.sdk/temp_xsdb_launch_script.tcl
12:06:12 INFO  : XSCT server has started successfully.
12:06:14 INFO  : Successfully done setting XSCT server connection channel  
12:06:14 INFO  : Processing command line option -hwspec /home/users/kfujita/tmp_test/Zybo-Z7-20-pcam-5c-2019.1/vivado_proj/Zybo-Z7-20-pcam-5c.sdk/system_top.hdf.
12:06:14 INFO  : Successfully done setting SDK workspace  
12:06:14 INFO  : Checking for hwspec changes in the project system_top_hw_platform_0.
12:06:18 INFO  : SDK has detected change in the last modified timestamps for source hardware specification file Source:1597806307000,  Project:1597745333000
12:06:18 INFO  : The hardware specification for project 'system_top_hw_platform_0' is different from /home/users/kfujita/tmp_test/Zybo-Z7-20-pcam-5c-2019.1/vivado_proj/Zybo-Z7-20-pcam-5c.sdk/system_top.hdf.
12:06:18 INFO  : Copied contents of /home/users/kfujita/tmp_test/Zybo-Z7-20-pcam-5c-2019.1/vivado_proj/Zybo-Z7-20-pcam-5c.sdk/system_top.hdf into /system_top_hw_platform_0/system.hdf.
12:06:21 INFO  : Synchronizing projects in the workspace with the hardware platform specification changes.
12:06:33 INFO  : 
12:06:33 INFO  : Updating hardware inferred compiler options for pcam_vdma_hdmi.
12:06:33 INFO  : Clearing existing target manager status.
12:06:48 INFO  : Connected to target on host '127.0.0.1' and port '3121'.
12:06:48 INFO  : 'targets -set -filter {jtag_cable_name =~ "Digilent Zybo Z7 210351A81FE5A" && level==0} -index 1' command is executed.
12:06:51 INFO  : FPGA configured successfully with bitstream "/home/users/kfujita/tmp_test/Zybo-Z7-20-pcam-5c-2019.1/vivado_proj/Zybo-Z7-20-pcam-5c.sdk/system_top_hw_platform_0/system_top.bit"
12:07:03 INFO  : 'targets -set -filter {jtag_cable_name =~ "Digilent Zybo Z7 210351A81FE5A" && level==0} -index 1' command is executed.
12:07:03 INFO  : 'fpga -state' command is executed.
12:07:03 INFO  : Connected to target on host '127.0.0.1' and port '3121'.
12:07:03 INFO  : Jtag cable 'Digilent Zybo Z7 210351A81FE5A' is selected.
12:07:03 INFO  : 'jtag frequency' command is executed.
12:07:03 INFO  : Sourcing of '/home/users/kfujita/tmp_test/Zybo-Z7-20-pcam-5c-2019.1/vivado_proj/Zybo-Z7-20-pcam-5c.sdk/system_top_hw_platform_0/ps7_init.tcl' is done.
12:07:03 INFO  : Context for 'APU' is selected.
12:07:03 INFO  : Hardware design information is loaded from '/home/users/kfujita/tmp_test/Zybo-Z7-20-pcam-5c-2019.1/vivado_proj/Zybo-Z7-20-pcam-5c.sdk/system_top_hw_platform_0/system.hdf'.
12:07:03 INFO  : 'configparams force-mem-access 1' command is executed.
12:07:03 INFO  : Context for 'APU' is selected.
12:07:04 INFO  : 'stop' command is executed.
12:07:04 INFO  : 'ps7_init' command is executed.
12:07:04 INFO  : 'ps7_post_config' command is executed.
12:07:04 INFO  : Context for processor 'ps7_cortexa9_0' is selected.
12:07:04 INFO  : Processor reset is completed for 'ps7_cortexa9_0'.
12:07:04 INFO  : Context for processor 'ps7_cortexa9_0' is selected.
12:07:06 INFO  : The application '/home/users/kfujita/tmp_test/Zybo-Z7-20-pcam-5c-2019.1/vivado_proj/Zybo-Z7-20-pcam-5c.sdk/pcam_vdma_hdmi/Debug/pcam_vdma_hdmi.elf' is downloaded to processor 'ps7_cortexa9_0'.
12:07:06 INFO  : 'configparams force-mem-access 0' command is executed.
12:07:06 INFO  : ----------------XSDB Script----------------
connect -url tcp:127.0.0.1:3121
source /home/users/kfujita/tmp_test/Zybo-Z7-20-pcam-5c-2019.1/vivado_proj/Zybo-Z7-20-pcam-5c.sdk/system_top_hw_platform_0/ps7_init.tcl
targets -set -nocase -filter {name =~"APU*" && jtag_cable_name =~ "Digilent Zybo Z7 210351A81FE5A"} -index 0
loadhw -hw /home/users/kfujita/tmp_test/Zybo-Z7-20-pcam-5c-2019.1/vivado_proj/Zybo-Z7-20-pcam-5c.sdk/system_top_hw_platform_0/system.hdf -mem-ranges [list {0x40000000 0xbfffffff}]
configparams force-mem-access 1
targets -set -nocase -filter {name =~"APU*" && jtag_cable_name =~ "Digilent Zybo Z7 210351A81FE5A"} -index 0
stop
ps7_init
ps7_post_config
targets -set -nocase -filter {name =~ "ARM*#0" && jtag_cable_name =~ "Digilent Zybo Z7 210351A81FE5A"} -index 0
rst -processor
targets -set -nocase -filter {name =~ "ARM*#0" && jtag_cable_name =~ "Digilent Zybo Z7 210351A81FE5A"} -index 0
dow /home/users/kfujita/tmp_test/Zybo-Z7-20-pcam-5c-2019.1/vivado_proj/Zybo-Z7-20-pcam-5c.sdk/pcam_vdma_hdmi/Debug/pcam_vdma_hdmi.elf
configparams force-mem-access 0
----------------End of Script----------------

12:07:06 INFO  : Memory regions updated for context APU
12:07:06 INFO  : Context for processor 'ps7_cortexa9_0' is selected.
12:07:06 INFO  : 'con' command is executed.
12:07:06 INFO  : ----------------XSDB Script (After Launch)----------------
targets -set -nocase -filter {name =~ "ARM*#0" && jtag_cable_name =~ "Digilent Zybo Z7 210351A81FE5A"} -index 0
con
----------------End of Script----------------

12:07:06 INFO  : Launch script is exported to file '/home/users/kfujita/tmp_test/Zybo-Z7-20-pcam-5c-2019.1/vivado_proj/Zybo-Z7-20-pcam-5c.sdk/.sdk/launch_scripts/xilinx_c-c++_application_(system_debugger)/system_debugger_using_debug_pcam_vdma_hdmi.elf_on_local.tcl'
12:08:36 INFO  : Disconnected from the channel tcfchan#1.
12:08:37 INFO  : 'targets -set -filter {jtag_cable_name =~ "Digilent Zybo Z7 210351A81FE5A" && level==0} -index 1' command is executed.
12:08:37 INFO  : 'fpga -state' command is executed.
12:08:37 INFO  : Connected to target on host '127.0.0.1' and port '3121'.
12:08:38 INFO  : Jtag cable 'Digilent Zybo Z7 210351A81FE5A' is selected.
12:08:38 INFO  : 'jtag frequency' command is executed.
12:08:38 INFO  : Sourcing of '/home/users/kfujita/tmp_test/Zybo-Z7-20-pcam-5c-2019.1/vivado_proj/Zybo-Z7-20-pcam-5c.sdk/system_top_hw_platform_0/ps7_init.tcl' is done.
12:08:38 INFO  : Context for 'APU' is selected.
12:08:40 INFO  : Hardware design information is loaded from '/home/users/kfujita/tmp_test/Zybo-Z7-20-pcam-5c-2019.1/vivado_proj/Zybo-Z7-20-pcam-5c.sdk/system_top_hw_platform_0/system.hdf'.
12:08:40 INFO  : 'configparams force-mem-access 1' command is executed.
12:08:40 INFO  : Context for 'APU' is selected.
12:08:40 INFO  : 'stop' command is executed.
12:08:40 INFO  : 'ps7_init' command is executed.
12:08:40 INFO  : 'ps7_post_config' command is executed.
12:08:40 INFO  : Context for processor 'ps7_cortexa9_0' is selected.
12:08:40 INFO  : Processor reset is completed for 'ps7_cortexa9_0'.
12:08:40 INFO  : Context for processor 'ps7_cortexa9_0' is selected.
12:08:42 INFO  : The application '/home/users/kfujita/tmp_test/Zybo-Z7-20-pcam-5c-2019.1/vivado_proj/Zybo-Z7-20-pcam-5c.sdk/pcam_vdma_hdmi/Debug/pcam_vdma_hdmi.elf' is downloaded to processor 'ps7_cortexa9_0'.
12:08:42 INFO  : 'configparams force-mem-access 0' command is executed.
12:08:42 INFO  : ----------------XSDB Script----------------
connect -url tcp:127.0.0.1:3121
source /home/users/kfujita/tmp_test/Zybo-Z7-20-pcam-5c-2019.1/vivado_proj/Zybo-Z7-20-pcam-5c.sdk/system_top_hw_platform_0/ps7_init.tcl
targets -set -nocase -filter {name =~"APU*" && jtag_cable_name =~ "Digilent Zybo Z7 210351A81FE5A"} -index 0
loadhw -hw /home/users/kfujita/tmp_test/Zybo-Z7-20-pcam-5c-2019.1/vivado_proj/Zybo-Z7-20-pcam-5c.sdk/system_top_hw_platform_0/system.hdf -mem-ranges [list {0x40000000 0xbfffffff}]
configparams force-mem-access 1
targets -set -nocase -filter {name =~"APU*" && jtag_cable_name =~ "Digilent Zybo Z7 210351A81FE5A"} -index 0
stop
ps7_init
ps7_post_config
targets -set -nocase -filter {name =~ "ARM*#0" && jtag_cable_name =~ "Digilent Zybo Z7 210351A81FE5A"} -index 0
rst -processor
targets -set -nocase -filter {name =~ "ARM*#0" && jtag_cable_name =~ "Digilent Zybo Z7 210351A81FE5A"} -index 0
dow /home/users/kfujita/tmp_test/Zybo-Z7-20-pcam-5c-2019.1/vivado_proj/Zybo-Z7-20-pcam-5c.sdk/pcam_vdma_hdmi/Debug/pcam_vdma_hdmi.elf
configparams force-mem-access 0
----------------End of Script----------------

12:08:42 INFO  : Memory regions updated for context APU
12:08:42 INFO  : Context for processor 'ps7_cortexa9_0' is selected.
12:08:42 INFO  : 'con' command is executed.
12:08:42 INFO  : ----------------XSDB Script (After Launch)----------------
targets -set -nocase -filter {name =~ "ARM*#0" && jtag_cable_name =~ "Digilent Zybo Z7 210351A81FE5A"} -index 0
con
----------------End of Script----------------

12:08:42 INFO  : Launch script is exported to file '/home/users/kfujita/tmp_test/Zybo-Z7-20-pcam-5c-2019.1/vivado_proj/Zybo-Z7-20-pcam-5c.sdk/.sdk/launch_scripts/xilinx_c-c++_application_(system_debugger)/system_debugger_using_debug_pcam_vdma_hdmi.elf_on_local.tcl'
12:09:42 INFO  : Connected to target on host '127.0.0.1' and port '3121'.
12:09:42 INFO  : 'targets -set -filter {jtag_cable_name =~ "Digilent Zybo Z7 210351A81FE5A" && level==0} -index 1' command is executed.
12:09:45 INFO  : FPGA configured successfully with bitstream "/home/users/kfujita/tmp_test/Zybo-Z7-20-pcam-5c-2019.1/vivado_proj/Zybo-Z7-20-pcam-5c.sdk/system_top_hw_platform_0/system_top.bit"
12:10:02 INFO  : Disconnected from the channel tcfchan#2.
12:10:03 INFO  : 'targets -set -filter {jtag_cable_name =~ "Digilent Zybo Z7 210351A81FE5A" && level==0} -index 1' command is executed.
12:10:03 INFO  : 'fpga -state' command is executed.
12:10:03 INFO  : Connected to target on host '127.0.0.1' and port '3121'.
12:10:04 INFO  : Jtag cable 'Digilent Zybo Z7 210351A81FE5A' is selected.
12:10:04 INFO  : 'jtag frequency' command is executed.
12:10:04 INFO  : Sourcing of '/home/users/kfujita/tmp_test/Zybo-Z7-20-pcam-5c-2019.1/vivado_proj/Zybo-Z7-20-pcam-5c.sdk/system_top_hw_platform_0/ps7_init.tcl' is done.
12:10:04 INFO  : Context for 'APU' is selected.
12:10:04 INFO  : Hardware design information is loaded from '/home/users/kfujita/tmp_test/Zybo-Z7-20-pcam-5c-2019.1/vivado_proj/Zybo-Z7-20-pcam-5c.sdk/system_top_hw_platform_0/system.hdf'.
12:10:04 INFO  : 'configparams force-mem-access 1' command is executed.
12:10:04 INFO  : Context for 'APU' is selected.
12:10:04 INFO  : 'stop' command is executed.
12:10:04 INFO  : 'ps7_init' command is executed.
12:10:04 INFO  : 'ps7_post_config' command is executed.
12:10:04 INFO  : Context for processor 'ps7_cortexa9_0' is selected.
12:10:04 INFO  : Processor reset is completed for 'ps7_cortexa9_0'.
12:10:04 INFO  : Context for processor 'ps7_cortexa9_0' is selected.
12:10:06 INFO  : The application '/home/users/kfujita/tmp_test/Zybo-Z7-20-pcam-5c-2019.1/vivado_proj/Zybo-Z7-20-pcam-5c.sdk/pcam_vdma_hdmi/Debug/pcam_vdma_hdmi.elf' is downloaded to processor 'ps7_cortexa9_0'.
12:10:06 INFO  : 'configparams force-mem-access 0' command is executed.
12:10:06 INFO  : ----------------XSDB Script----------------
connect -url tcp:127.0.0.1:3121
source /home/users/kfujita/tmp_test/Zybo-Z7-20-pcam-5c-2019.1/vivado_proj/Zybo-Z7-20-pcam-5c.sdk/system_top_hw_platform_0/ps7_init.tcl
targets -set -nocase -filter {name =~"APU*" && jtag_cable_name =~ "Digilent Zybo Z7 210351A81FE5A"} -index 0
loadhw -hw /home/users/kfujita/tmp_test/Zybo-Z7-20-pcam-5c-2019.1/vivado_proj/Zybo-Z7-20-pcam-5c.sdk/system_top_hw_platform_0/system.hdf -mem-ranges [list {0x40000000 0xbfffffff}]
configparams force-mem-access 1
targets -set -nocase -filter {name =~"APU*" && jtag_cable_name =~ "Digilent Zybo Z7 210351A81FE5A"} -index 0
stop
ps7_init
ps7_post_config
targets -set -nocase -filter {name =~ "ARM*#0" && jtag_cable_name =~ "Digilent Zybo Z7 210351A81FE5A"} -index 0
rst -processor
targets -set -nocase -filter {name =~ "ARM*#0" && jtag_cable_name =~ "Digilent Zybo Z7 210351A81FE5A"} -index 0
dow /home/users/kfujita/tmp_test/Zybo-Z7-20-pcam-5c-2019.1/vivado_proj/Zybo-Z7-20-pcam-5c.sdk/pcam_vdma_hdmi/Debug/pcam_vdma_hdmi.elf
configparams force-mem-access 0
----------------End of Script----------------

12:10:06 INFO  : Memory regions updated for context APU
12:10:06 INFO  : Context for processor 'ps7_cortexa9_0' is selected.
12:10:06 INFO  : 'con' command is executed.
12:10:06 INFO  : ----------------XSDB Script (After Launch)----------------
targets -set -nocase -filter {name =~ "ARM*#0" && jtag_cable_name =~ "Digilent Zybo Z7 210351A81FE5A"} -index 0
con
----------------End of Script----------------

12:10:06 INFO  : Launch script is exported to file '/home/users/kfujita/tmp_test/Zybo-Z7-20-pcam-5c-2019.1/vivado_proj/Zybo-Z7-20-pcam-5c.sdk/.sdk/launch_scripts/xilinx_c-c++_application_(system_debugger)/system_debugger_using_debug_pcam_vdma_hdmi.elf_on_local.tcl'
12:11:47 INFO  : Disconnected from the channel tcfchan#3.
12:11:48 INFO  : 'targets -set -filter {jtag_cable_name =~ "Digilent Zybo Z7 210351A81FE5A" && level==0} -index 1' command is executed.
12:11:48 INFO  : 'fpga -state' command is executed.
12:11:48 INFO  : Connected to target on host '127.0.0.1' and port '3121'.
12:11:49 INFO  : Jtag cable 'Digilent Zybo Z7 210351A81FE5A' is selected.
12:11:49 INFO  : 'jtag frequency' command is executed.
12:11:49 INFO  : Sourcing of '/home/users/kfujita/tmp_test/Zybo-Z7-20-pcam-5c-2019.1/vivado_proj/Zybo-Z7-20-pcam-5c.sdk/system_top_hw_platform_0/ps7_init.tcl' is done.
12:11:49 INFO  : Context for 'APU' is selected.
12:11:49 INFO  : Hardware design information is loaded from '/home/users/kfujita/tmp_test/Zybo-Z7-20-pcam-5c-2019.1/vivado_proj/Zybo-Z7-20-pcam-5c.sdk/system_top_hw_platform_0/system.hdf'.
12:11:49 INFO  : 'configparams force-mem-access 1' command is executed.
12:11:49 INFO  : Context for 'APU' is selected.
12:11:49 INFO  : 'stop' command is executed.
12:11:49 INFO  : 'ps7_init' command is executed.
12:11:49 INFO  : 'ps7_post_config' command is executed.
12:11:49 INFO  : Context for processor 'ps7_cortexa9_0' is selected.
12:11:49 INFO  : Processor reset is completed for 'ps7_cortexa9_0'.
12:11:49 INFO  : Context for processor 'ps7_cortexa9_0' is selected.
12:11:51 INFO  : The application '/home/users/kfujita/tmp_test/Zybo-Z7-20-pcam-5c-2019.1/vivado_proj/Zybo-Z7-20-pcam-5c.sdk/pcam_vdma_hdmi/Debug/pcam_vdma_hdmi.elf' is downloaded to processor 'ps7_cortexa9_0'.
12:11:51 INFO  : 'configparams force-mem-access 0' command is executed.
12:11:51 INFO  : ----------------XSDB Script----------------
connect -url tcp:127.0.0.1:3121
source /home/users/kfujita/tmp_test/Zybo-Z7-20-pcam-5c-2019.1/vivado_proj/Zybo-Z7-20-pcam-5c.sdk/system_top_hw_platform_0/ps7_init.tcl
targets -set -nocase -filter {name =~"APU*" && jtag_cable_name =~ "Digilent Zybo Z7 210351A81FE5A"} -index 0
loadhw -hw /home/users/kfujita/tmp_test/Zybo-Z7-20-pcam-5c-2019.1/vivado_proj/Zybo-Z7-20-pcam-5c.sdk/system_top_hw_platform_0/system.hdf -mem-ranges [list {0x40000000 0xbfffffff}]
configparams force-mem-access 1
targets -set -nocase -filter {name =~"APU*" && jtag_cable_name =~ "Digilent Zybo Z7 210351A81FE5A"} -index 0
stop
ps7_init
ps7_post_config
targets -set -nocase -filter {name =~ "ARM*#0" && jtag_cable_name =~ "Digilent Zybo Z7 210351A81FE5A"} -index 0
rst -processor
targets -set -nocase -filter {name =~ "ARM*#0" && jtag_cable_name =~ "Digilent Zybo Z7 210351A81FE5A"} -index 0
dow /home/users/kfujita/tmp_test/Zybo-Z7-20-pcam-5c-2019.1/vivado_proj/Zybo-Z7-20-pcam-5c.sdk/pcam_vdma_hdmi/Debug/pcam_vdma_hdmi.elf
configparams force-mem-access 0
----------------End of Script----------------

12:11:51 INFO  : Memory regions updated for context APU
12:11:51 INFO  : Context for processor 'ps7_cortexa9_0' is selected.
12:11:51 INFO  : 'con' command is executed.
12:11:51 INFO  : ----------------XSDB Script (After Launch)----------------
targets -set -nocase -filter {name =~ "ARM*#0" && jtag_cable_name =~ "Digilent Zybo Z7 210351A81FE5A"} -index 0
con
----------------End of Script----------------

12:11:51 INFO  : Launch script is exported to file '/home/users/kfujita/tmp_test/Zybo-Z7-20-pcam-5c-2019.1/vivado_proj/Zybo-Z7-20-pcam-5c.sdk/.sdk/launch_scripts/xilinx_c-c++_application_(system_debugger)/system_debugger_using_debug_pcam_vdma_hdmi.elf_on_local.tcl'
12:12:19 INFO  : Disconnected from the channel tcfchan#4.
12:12:20 INFO  : 'targets -set -filter {jtag_cable_name =~ "Digilent Zybo Z7 210351A81FE5A" && level==0} -index 1' command is executed.
12:12:20 INFO  : 'fpga -state' command is executed.
12:12:20 INFO  : Connected to target on host '127.0.0.1' and port '3121'.
12:12:21 INFO  : Jtag cable 'Digilent Zybo Z7 210351A81FE5A' is selected.
12:12:21 INFO  : 'jtag frequency' command is executed.
12:12:21 INFO  : Sourcing of '/home/users/kfujita/tmp_test/Zybo-Z7-20-pcam-5c-2019.1/vivado_proj/Zybo-Z7-20-pcam-5c.sdk/system_top_hw_platform_0/ps7_init.tcl' is done.
12:12:21 INFO  : Context for 'APU' is selected.
12:12:21 INFO  : Hardware design information is loaded from '/home/users/kfujita/tmp_test/Zybo-Z7-20-pcam-5c-2019.1/vivado_proj/Zybo-Z7-20-pcam-5c.sdk/system_top_hw_platform_0/system.hdf'.
12:12:21 INFO  : 'configparams force-mem-access 1' command is executed.
12:12:21 INFO  : Context for 'APU' is selected.
12:12:21 INFO  : 'stop' command is executed.
12:12:21 INFO  : 'ps7_init' command is executed.
12:12:21 INFO  : 'ps7_post_config' command is executed.
12:12:21 INFO  : Context for processor 'ps7_cortexa9_0' is selected.
12:12:21 INFO  : Processor reset is completed for 'ps7_cortexa9_0'.
12:12:21 INFO  : Context for processor 'ps7_cortexa9_0' is selected.
12:12:23 INFO  : The application '/home/users/kfujita/tmp_test/Zybo-Z7-20-pcam-5c-2019.1/vivado_proj/Zybo-Z7-20-pcam-5c.sdk/pcam_vdma_hdmi/Debug/pcam_vdma_hdmi.elf' is downloaded to processor 'ps7_cortexa9_0'.
12:12:23 INFO  : 'configparams force-mem-access 0' command is executed.
12:12:23 INFO  : ----------------XSDB Script----------------
connect -url tcp:127.0.0.1:3121
source /home/users/kfujita/tmp_test/Zybo-Z7-20-pcam-5c-2019.1/vivado_proj/Zybo-Z7-20-pcam-5c.sdk/system_top_hw_platform_0/ps7_init.tcl
targets -set -nocase -filter {name =~"APU*" && jtag_cable_name =~ "Digilent Zybo Z7 210351A81FE5A"} -index 0
loadhw -hw /home/users/kfujita/tmp_test/Zybo-Z7-20-pcam-5c-2019.1/vivado_proj/Zybo-Z7-20-pcam-5c.sdk/system_top_hw_platform_0/system.hdf -mem-ranges [list {0x40000000 0xbfffffff}]
configparams force-mem-access 1
targets -set -nocase -filter {name =~"APU*" && jtag_cable_name =~ "Digilent Zybo Z7 210351A81FE5A"} -index 0
stop
ps7_init
ps7_post_config
targets -set -nocase -filter {name =~ "ARM*#0" && jtag_cable_name =~ "Digilent Zybo Z7 210351A81FE5A"} -index 0
rst -processor
targets -set -nocase -filter {name =~ "ARM*#0" && jtag_cable_name =~ "Digilent Zybo Z7 210351A81FE5A"} -index 0
dow /home/users/kfujita/tmp_test/Zybo-Z7-20-pcam-5c-2019.1/vivado_proj/Zybo-Z7-20-pcam-5c.sdk/pcam_vdma_hdmi/Debug/pcam_vdma_hdmi.elf
configparams force-mem-access 0
----------------End of Script----------------

12:12:23 INFO  : Memory regions updated for context APU
12:12:23 INFO  : Context for processor 'ps7_cortexa9_0' is selected.
12:12:23 INFO  : 'con' command is executed.
12:12:23 INFO  : ----------------XSDB Script (After Launch)----------------
targets -set -nocase -filter {name =~ "ARM*#0" && jtag_cable_name =~ "Digilent Zybo Z7 210351A81FE5A"} -index 0
con
----------------End of Script----------------

12:12:23 INFO  : Launch script is exported to file '/home/users/kfujita/tmp_test/Zybo-Z7-20-pcam-5c-2019.1/vivado_proj/Zybo-Z7-20-pcam-5c.sdk/.sdk/launch_scripts/xilinx_c-c++_application_(system_debugger)/system_debugger_using_debug_pcam_vdma_hdmi.elf_on_local.tcl'
12:16:43 INFO  : Disconnected from the channel tcfchan#5.
12:17:12 INFO  : Registering command handlers for SDK TCF services
12:17:14 INFO  : Launching XSCT server: xsct -n -interactive /home/users/kfujita/tmp_test/Zybo-Z7-20-pcam-5c-2019.1/vivado_proj/Zybo-Z7-20-pcam-5c.sdk/temp_xsdb_launch_script.tcl
12:17:17 INFO  : XSCT server has started successfully.
12:17:17 INFO  : Successfully done setting XSCT server connection channel  
12:17:18 INFO  : Successfully done setting SDK workspace  
12:17:18 INFO  : Processing command line option -hwspec /home/users/kfujita/tmp_test/Zybo-Z7-20-pcam-5c-2019.1/vivado_proj/Zybo-Z7-20-pcam-5c.sdk/system_top.hdf.
12:17:18 INFO  : Checking for hwspec changes in the project system_top_hw_platform_0.
12:17:50 INFO  : Connected to target on host '127.0.0.1' and port '3121'.
12:17:50 INFO  : 'targets -set -filter {jtag_cable_name =~ "Digilent Zybo Z7 210351A81FE5A" && level==0} -index 1' command is executed.
12:17:53 INFO  : FPGA configured successfully with bitstream "/home/users/kfujita/tmp_test/Zybo-Z7-20-pcam-5c-2019.1/vivado_proj/Zybo-Z7-20-pcam-5c.sdk/system_top_hw_platform_0/system_top.bit"
12:18:00 INFO  : 'targets -set -filter {jtag_cable_name =~ "Digilent Zybo Z7 210351A81FE5A" && level==0} -index 1' command is executed.
12:18:00 INFO  : 'fpga -state' command is executed.
12:18:00 INFO  : Connected to target on host '127.0.0.1' and port '3121'.
12:18:00 INFO  : Jtag cable 'Digilent Zybo Z7 210351A81FE5A' is selected.
12:18:00 INFO  : 'jtag frequency' command is executed.
12:18:00 INFO  : Sourcing of '/home/users/kfujita/tmp_test/Zybo-Z7-20-pcam-5c-2019.1/vivado_proj/Zybo-Z7-20-pcam-5c.sdk/system_top_hw_platform_0/ps7_init.tcl' is done.
12:18:00 INFO  : Context for 'APU' is selected.
12:18:01 INFO  : Hardware design information is loaded from '/home/users/kfujita/tmp_test/Zybo-Z7-20-pcam-5c-2019.1/vivado_proj/Zybo-Z7-20-pcam-5c.sdk/system_top_hw_platform_0/system.hdf'.
12:18:01 INFO  : 'configparams force-mem-access 1' command is executed.
12:18:01 INFO  : Context for 'APU' is selected.
12:18:01 INFO  : 'stop' command is executed.
12:18:01 INFO  : 'ps7_init' command is executed.
12:18:01 INFO  : 'ps7_post_config' command is executed.
12:18:01 INFO  : Context for processor 'ps7_cortexa9_0' is selected.
12:18:01 INFO  : Processor reset is completed for 'ps7_cortexa9_0'.
12:18:01 INFO  : Context for processor 'ps7_cortexa9_0' is selected.
12:18:03 INFO  : The application '/home/users/kfujita/tmp_test/Zybo-Z7-20-pcam-5c-2019.1/vivado_proj/Zybo-Z7-20-pcam-5c.sdk/pcam_vdma_hdmi/Debug/pcam_vdma_hdmi.elf' is downloaded to processor 'ps7_cortexa9_0'.
12:18:03 INFO  : 'configparams force-mem-access 0' command is executed.
12:18:03 INFO  : ----------------XSDB Script----------------
connect -url tcp:127.0.0.1:3121
source /home/users/kfujita/tmp_test/Zybo-Z7-20-pcam-5c-2019.1/vivado_proj/Zybo-Z7-20-pcam-5c.sdk/system_top_hw_platform_0/ps7_init.tcl
targets -set -nocase -filter {name =~"APU*" && jtag_cable_name =~ "Digilent Zybo Z7 210351A81FE5A"} -index 0
loadhw -hw /home/users/kfujita/tmp_test/Zybo-Z7-20-pcam-5c-2019.1/vivado_proj/Zybo-Z7-20-pcam-5c.sdk/system_top_hw_platform_0/system.hdf -mem-ranges [list {0x40000000 0xbfffffff}]
configparams force-mem-access 1
targets -set -nocase -filter {name =~"APU*" && jtag_cable_name =~ "Digilent Zybo Z7 210351A81FE5A"} -index 0
stop
ps7_init
ps7_post_config
targets -set -nocase -filter {name =~ "ARM*#0" && jtag_cable_name =~ "Digilent Zybo Z7 210351A81FE5A"} -index 0
rst -processor
targets -set -nocase -filter {name =~ "ARM*#0" && jtag_cable_name =~ "Digilent Zybo Z7 210351A81FE5A"} -index 0
dow /home/users/kfujita/tmp_test/Zybo-Z7-20-pcam-5c-2019.1/vivado_proj/Zybo-Z7-20-pcam-5c.sdk/pcam_vdma_hdmi/Debug/pcam_vdma_hdmi.elf
configparams force-mem-access 0
----------------End of Script----------------

12:18:03 INFO  : Memory regions updated for context APU
12:18:03 INFO  : Context for processor 'ps7_cortexa9_0' is selected.
12:18:03 INFO  : 'con' command is executed.
12:18:03 INFO  : ----------------XSDB Script (After Launch)----------------
targets -set -nocase -filter {name =~ "ARM*#0" && jtag_cable_name =~ "Digilent Zybo Z7 210351A81FE5A"} -index 0
con
----------------End of Script----------------

12:18:03 INFO  : Launch script is exported to file '/home/users/kfujita/tmp_test/Zybo-Z7-20-pcam-5c-2019.1/vivado_proj/Zybo-Z7-20-pcam-5c.sdk/.sdk/launch_scripts/xilinx_c-c++_application_(system_debugger)/system_debugger_using_debug_pcam_vdma_hdmi.elf_on_local.tcl'
12:19:11 INFO  : Disconnected from the channel tcfchan#1.
12:19:12 INFO  : 'targets -set -filter {jtag_cable_name =~ "Digilent Zybo Z7 210351A81FE5A" && level==0} -index 1' command is executed.
12:19:12 INFO  : 'fpga -state' command is executed.
12:19:12 INFO  : Connected to target on host '127.0.0.1' and port '3121'.
12:19:13 INFO  : Jtag cable 'Digilent Zybo Z7 210351A81FE5A' is selected.
12:19:13 INFO  : 'jtag frequency' command is executed.
12:19:13 INFO  : Sourcing of '/home/users/kfujita/tmp_test/Zybo-Z7-20-pcam-5c-2019.1/vivado_proj/Zybo-Z7-20-pcam-5c.sdk/system_top_hw_platform_0/ps7_init.tcl' is done.
12:19:13 INFO  : Context for 'APU' is selected.
12:19:15 INFO  : Hardware design information is loaded from '/home/users/kfujita/tmp_test/Zybo-Z7-20-pcam-5c-2019.1/vivado_proj/Zybo-Z7-20-pcam-5c.sdk/system_top_hw_platform_0/system.hdf'.
12:19:15 INFO  : 'configparams force-mem-access 1' command is executed.
12:19:15 INFO  : Context for 'APU' is selected.
12:19:15 INFO  : 'stop' command is executed.
12:19:15 INFO  : 'ps7_init' command is executed.
12:19:15 INFO  : 'ps7_post_config' command is executed.
12:19:15 INFO  : Context for processor 'ps7_cortexa9_0' is selected.
12:19:15 INFO  : Processor reset is completed for 'ps7_cortexa9_0'.
12:19:15 INFO  : Context for processor 'ps7_cortexa9_0' is selected.
12:19:17 INFO  : The application '/home/users/kfujita/tmp_test/Zybo-Z7-20-pcam-5c-2019.1/vivado_proj/Zybo-Z7-20-pcam-5c.sdk/pcam_vdma_hdmi/Debug/pcam_vdma_hdmi.elf' is downloaded to processor 'ps7_cortexa9_0'.
12:19:17 INFO  : 'configparams force-mem-access 0' command is executed.
12:19:17 INFO  : ----------------XSDB Script----------------
connect -url tcp:127.0.0.1:3121
source /home/users/kfujita/tmp_test/Zybo-Z7-20-pcam-5c-2019.1/vivado_proj/Zybo-Z7-20-pcam-5c.sdk/system_top_hw_platform_0/ps7_init.tcl
targets -set -nocase -filter {name =~"APU*" && jtag_cable_name =~ "Digilent Zybo Z7 210351A81FE5A"} -index 0
loadhw -hw /home/users/kfujita/tmp_test/Zybo-Z7-20-pcam-5c-2019.1/vivado_proj/Zybo-Z7-20-pcam-5c.sdk/system_top_hw_platform_0/system.hdf -mem-ranges [list {0x40000000 0xbfffffff}]
configparams force-mem-access 1
targets -set -nocase -filter {name =~"APU*" && jtag_cable_name =~ "Digilent Zybo Z7 210351A81FE5A"} -index 0
stop
ps7_init
ps7_post_config
targets -set -nocase -filter {name =~ "ARM*#0" && jtag_cable_name =~ "Digilent Zybo Z7 210351A81FE5A"} -index 0
rst -processor
targets -set -nocase -filter {name =~ "ARM*#0" && jtag_cable_name =~ "Digilent Zybo Z7 210351A81FE5A"} -index 0
dow /home/users/kfujita/tmp_test/Zybo-Z7-20-pcam-5c-2019.1/vivado_proj/Zybo-Z7-20-pcam-5c.sdk/pcam_vdma_hdmi/Debug/pcam_vdma_hdmi.elf
configparams force-mem-access 0
----------------End of Script----------------

12:19:17 INFO  : Memory regions updated for context APU
12:19:17 INFO  : Context for processor 'ps7_cortexa9_0' is selected.
12:19:17 INFO  : 'con' command is executed.
12:19:17 INFO  : ----------------XSDB Script (After Launch)----------------
targets -set -nocase -filter {name =~ "ARM*#0" && jtag_cable_name =~ "Digilent Zybo Z7 210351A81FE5A"} -index 0
con
----------------End of Script----------------

12:19:17 INFO  : Launch script is exported to file '/home/users/kfujita/tmp_test/Zybo-Z7-20-pcam-5c-2019.1/vivado_proj/Zybo-Z7-20-pcam-5c.sdk/.sdk/launch_scripts/xilinx_c-c++_application_(system_debugger)/system_debugger_using_debug_pcam_vdma_hdmi.elf_on_local.tcl'
12:27:05 INFO  : Connected to target on host '127.0.0.1' and port '3121'.
12:27:06 INFO  : 'targets -set -filter {jtag_cable_name =~ "Digilent Zybo Z7 210351A81FE5A" && level==0} -index 1' command is executed.
12:27:08 INFO  : FPGA configured successfully with bitstream "/home/users/kfujita/tmp_test/Zybo-Z7-20-pcam-5c-2019.1/vivado_proj/Zybo-Z7-20-pcam-5c.sdk/system_top_hw_platform_0/system_top.bit"
12:27:14 INFO  : Disconnected from the channel tcfchan#2.
12:27:15 INFO  : 'targets -set -filter {jtag_cable_name =~ "Digilent Zybo Z7 210351A81FE5A" && level==0} -index 1' command is executed.
12:27:15 INFO  : 'fpga -state' command is executed.
12:27:15 INFO  : Connected to target on host '127.0.0.1' and port '3121'.
12:27:16 INFO  : Jtag cable 'Digilent Zybo Z7 210351A81FE5A' is selected.
12:27:16 INFO  : 'jtag frequency' command is executed.
12:27:16 INFO  : Sourcing of '/home/users/kfujita/tmp_test/Zybo-Z7-20-pcam-5c-2019.1/vivado_proj/Zybo-Z7-20-pcam-5c.sdk/system_top_hw_platform_0/ps7_init.tcl' is done.
12:27:16 INFO  : Context for 'APU' is selected.
12:27:18 INFO  : Hardware design information is loaded from '/home/users/kfujita/tmp_test/Zybo-Z7-20-pcam-5c-2019.1/vivado_proj/Zybo-Z7-20-pcam-5c.sdk/system_top_hw_platform_0/system.hdf'.
12:27:18 INFO  : 'configparams force-mem-access 1' command is executed.
12:27:18 INFO  : Context for 'APU' is selected.
12:27:18 INFO  : 'stop' command is executed.
12:27:18 INFO  : 'ps7_init' command is executed.
12:27:18 INFO  : 'ps7_post_config' command is executed.
12:27:18 INFO  : Context for processor 'ps7_cortexa9_0' is selected.
12:27:18 INFO  : Processor reset is completed for 'ps7_cortexa9_0'.
12:27:18 INFO  : Context for processor 'ps7_cortexa9_0' is selected.
12:27:20 INFO  : The application '/home/users/kfujita/tmp_test/Zybo-Z7-20-pcam-5c-2019.1/vivado_proj/Zybo-Z7-20-pcam-5c.sdk/pcam_vdma_hdmi/Debug/pcam_vdma_hdmi.elf' is downloaded to processor 'ps7_cortexa9_0'.
12:27:20 INFO  : 'configparams force-mem-access 0' command is executed.
12:27:20 INFO  : ----------------XSDB Script----------------
connect -url tcp:127.0.0.1:3121
source /home/users/kfujita/tmp_test/Zybo-Z7-20-pcam-5c-2019.1/vivado_proj/Zybo-Z7-20-pcam-5c.sdk/system_top_hw_platform_0/ps7_init.tcl
targets -set -nocase -filter {name =~"APU*" && jtag_cable_name =~ "Digilent Zybo Z7 210351A81FE5A"} -index 0
loadhw -hw /home/users/kfujita/tmp_test/Zybo-Z7-20-pcam-5c-2019.1/vivado_proj/Zybo-Z7-20-pcam-5c.sdk/system_top_hw_platform_0/system.hdf -mem-ranges [list {0x40000000 0xbfffffff}]
configparams force-mem-access 1
targets -set -nocase -filter {name =~"APU*" && jtag_cable_name =~ "Digilent Zybo Z7 210351A81FE5A"} -index 0
stop
ps7_init
ps7_post_config
targets -set -nocase -filter {name =~ "ARM*#0" && jtag_cable_name =~ "Digilent Zybo Z7 210351A81FE5A"} -index 0
rst -processor
targets -set -nocase -filter {name =~ "ARM*#0" && jtag_cable_name =~ "Digilent Zybo Z7 210351A81FE5A"} -index 0
dow /home/users/kfujita/tmp_test/Zybo-Z7-20-pcam-5c-2019.1/vivado_proj/Zybo-Z7-20-pcam-5c.sdk/pcam_vdma_hdmi/Debug/pcam_vdma_hdmi.elf
configparams force-mem-access 0
----------------End of Script----------------

12:27:20 INFO  : Memory regions updated for context APU
12:27:20 INFO  : Context for processor 'ps7_cortexa9_0' is selected.
12:27:20 INFO  : 'con' command is executed.
12:27:20 INFO  : ----------------XSDB Script (After Launch)----------------
targets -set -nocase -filter {name =~ "ARM*#0" && jtag_cable_name =~ "Digilent Zybo Z7 210351A81FE5A"} -index 0
con
----------------End of Script----------------

12:27:20 INFO  : Launch script is exported to file '/home/users/kfujita/tmp_test/Zybo-Z7-20-pcam-5c-2019.1/vivado_proj/Zybo-Z7-20-pcam-5c.sdk/.sdk/launch_scripts/xilinx_c-c++_application_(system_debugger)/system_debugger_using_debug_pcam_vdma_hdmi.elf_on_local.tcl'
12:29:00 INFO  : Connected to target on host '127.0.0.1' and port '3121'.
12:29:00 INFO  : 'targets -set -filter {jtag_cable_name =~ "Digilent Zybo Z7 210351A81FE5A" && level==0} -index 1' command is executed.
12:29:02 INFO  : FPGA configured successfully with bitstream "/home/users/kfujita/tmp_test/Zybo-Z7-20-pcam-5c-2019.1/vivado_proj/Zybo-Z7-20-pcam-5c.sdk/system_top_hw_platform_0/system_top.bit"
12:29:11 INFO  : Disconnected from the channel tcfchan#3.
12:29:12 INFO  : 'targets -set -filter {jtag_cable_name =~ "Digilent Zybo Z7 210351A81FE5A" && level==0} -index 1' command is executed.
12:29:12 INFO  : 'fpga -state' command is executed.
12:29:12 INFO  : Connected to target on host '127.0.0.1' and port '3121'.
12:29:12 INFO  : Jtag cable 'Digilent Zybo Z7 210351A81FE5A' is selected.
12:29:12 INFO  : 'jtag frequency' command is executed.
12:29:12 INFO  : Sourcing of '/home/users/kfujita/tmp_test/Zybo-Z7-20-pcam-5c-2019.1/vivado_proj/Zybo-Z7-20-pcam-5c.sdk/system_top_hw_platform_0/ps7_init.tcl' is done.
12:29:12 INFO  : Context for 'APU' is selected.
12:29:14 INFO  : Hardware design information is loaded from '/home/users/kfujita/tmp_test/Zybo-Z7-20-pcam-5c-2019.1/vivado_proj/Zybo-Z7-20-pcam-5c.sdk/system_top_hw_platform_0/system.hdf'.
12:29:14 INFO  : 'configparams force-mem-access 1' command is executed.
12:29:14 INFO  : Context for 'APU' is selected.
12:29:14 INFO  : 'stop' command is executed.
12:29:14 INFO  : 'ps7_init' command is executed.
12:29:14 INFO  : 'ps7_post_config' command is executed.
12:29:14 INFO  : Context for processor 'ps7_cortexa9_0' is selected.
12:29:14 INFO  : Processor reset is completed for 'ps7_cortexa9_0'.
12:29:15 INFO  : Context for processor 'ps7_cortexa9_0' is selected.
12:29:16 INFO  : The application '/home/users/kfujita/tmp_test/Zybo-Z7-20-pcam-5c-2019.1/vivado_proj/Zybo-Z7-20-pcam-5c.sdk/pcam_vdma_hdmi/Debug/pcam_vdma_hdmi.elf' is downloaded to processor 'ps7_cortexa9_0'.
12:29:16 INFO  : 'configparams force-mem-access 0' command is executed.
12:29:16 INFO  : ----------------XSDB Script----------------
connect -url tcp:127.0.0.1:3121
source /home/users/kfujita/tmp_test/Zybo-Z7-20-pcam-5c-2019.1/vivado_proj/Zybo-Z7-20-pcam-5c.sdk/system_top_hw_platform_0/ps7_init.tcl
targets -set -nocase -filter {name =~"APU*" && jtag_cable_name =~ "Digilent Zybo Z7 210351A81FE5A"} -index 0
loadhw -hw /home/users/kfujita/tmp_test/Zybo-Z7-20-pcam-5c-2019.1/vivado_proj/Zybo-Z7-20-pcam-5c.sdk/system_top_hw_platform_0/system.hdf -mem-ranges [list {0x40000000 0xbfffffff}]
configparams force-mem-access 1
targets -set -nocase -filter {name =~"APU*" && jtag_cable_name =~ "Digilent Zybo Z7 210351A81FE5A"} -index 0
stop
ps7_init
ps7_post_config
targets -set -nocase -filter {name =~ "ARM*#0" && jtag_cable_name =~ "Digilent Zybo Z7 210351A81FE5A"} -index 0
rst -processor
targets -set -nocase -filter {name =~ "ARM*#0" && jtag_cable_name =~ "Digilent Zybo Z7 210351A81FE5A"} -index 0
dow /home/users/kfujita/tmp_test/Zybo-Z7-20-pcam-5c-2019.1/vivado_proj/Zybo-Z7-20-pcam-5c.sdk/pcam_vdma_hdmi/Debug/pcam_vdma_hdmi.elf
configparams force-mem-access 0
----------------End of Script----------------

12:29:16 INFO  : Memory regions updated for context APU
12:29:16 INFO  : Context for processor 'ps7_cortexa9_0' is selected.
12:29:16 INFO  : 'con' command is executed.
12:29:16 INFO  : ----------------XSDB Script (After Launch)----------------
targets -set -nocase -filter {name =~ "ARM*#0" && jtag_cable_name =~ "Digilent Zybo Z7 210351A81FE5A"} -index 0
con
----------------End of Script----------------

12:29:16 INFO  : Launch script is exported to file '/home/users/kfujita/tmp_test/Zybo-Z7-20-pcam-5c-2019.1/vivado_proj/Zybo-Z7-20-pcam-5c.sdk/.sdk/launch_scripts/xilinx_c-c++_application_(system_debugger)/system_debugger_using_debug_pcam_vdma_hdmi.elf_on_local.tcl'
12:29:47 INFO  : Disconnected from the channel tcfchan#4.
12:59:05 INFO  : Launching XSCT server: xsct -n -interactive /home/users/kfujita/tmp_test/Zybo-Z7-20-pcam-5c-2019.1/vivado_proj/Zybo-Z7-20-pcam-5c.sdk/temp_xsdb_launch_script.tcl
12:59:08 INFO  : XSCT server has started successfully.
12:59:09 INFO  : Successfully done setting XSCT server connection channel  
12:59:09 INFO  : Successfully done setting SDK workspace  
12:59:15 INFO  : Registering command handlers for SDK TCF services
12:59:15 INFO  : Processing command line option -hwspec /home/users/kfujita/tmp_test/Zybo-Z7-20-pcam-5c-2019.1/vivado_proj/Zybo-Z7-20-pcam-5c.sdk/system_top.hdf.
12:59:16 INFO  : Checking for hwspec changes in the project system_top_hw_platform_0.
12:59:16 INFO  : SDK has detected change in the last modified timestamps for source hardware specification file Source:1597807864000,  Project:1597806307000
12:59:16 INFO  : The hardware specification for project 'system_top_hw_platform_0' is different from /home/users/kfujita/tmp_test/Zybo-Z7-20-pcam-5c-2019.1/vivado_proj/Zybo-Z7-20-pcam-5c.sdk/system_top.hdf.
12:59:16 INFO  : Copied contents of /home/users/kfujita/tmp_test/Zybo-Z7-20-pcam-5c-2019.1/vivado_proj/Zybo-Z7-20-pcam-5c.sdk/system_top.hdf into /system_top_hw_platform_0/system.hdf.
12:59:19 INFO  : Synchronizing projects in the workspace with the hardware platform specification changes.
12:59:30 INFO  : 
12:59:31 INFO  : Updating hardware inferred compiler options for pcam_vdma_hdmi.
12:59:31 INFO  : Clearing existing target manager status.
12:59:31 INFO  : Closing and re-opening the MSS file of ther project pcam_vdma_hdmi_bsp
12:59:32 INFO  : Workspace synchronized with the new hardware specification file. Cleaning dependent projects...
12:59:33 WARN  : Linker script will not be updated automatically. Users need to update it manually.
13:00:32 INFO  : Connected to target on host '127.0.0.1' and port '3121'.
13:00:32 INFO  : 'targets -set -filter {jtag_cable_name =~ "Digilent Zybo Z7 210351A81FE5A" && level==0} -index 1' command is executed.
13:00:35 INFO  : FPGA configured successfully with bitstream "/home/users/kfujita/tmp_test/Zybo-Z7-20-pcam-5c-2019.1/vivado_proj/Zybo-Z7-20-pcam-5c.sdk/system_top_hw_platform_0/system_top.bit"
13:00:46 INFO  : 'targets -set -filter {jtag_cable_name =~ "Digilent Zybo Z7 210351A81FE5A" && level==0} -index 1' command is executed.
13:00:46 INFO  : 'fpga -state' command is executed.
13:00:46 INFO  : Connected to target on host '127.0.0.1' and port '3121'.
13:00:47 INFO  : Jtag cable 'Digilent Zybo Z7 210351A81FE5A' is selected.
13:00:47 INFO  : 'jtag frequency' command is executed.
13:00:47 INFO  : Sourcing of '/home/users/kfujita/tmp_test/Zybo-Z7-20-pcam-5c-2019.1/vivado_proj/Zybo-Z7-20-pcam-5c.sdk/system_top_hw_platform_0/ps7_init.tcl' is done.
13:00:47 INFO  : Context for 'APU' is selected.
13:00:47 INFO  : Hardware design information is loaded from '/home/users/kfujita/tmp_test/Zybo-Z7-20-pcam-5c-2019.1/vivado_proj/Zybo-Z7-20-pcam-5c.sdk/system_top_hw_platform_0/system.hdf'.
13:00:47 INFO  : 'configparams force-mem-access 1' command is executed.
13:00:47 INFO  : Context for 'APU' is selected.
13:00:47 INFO  : 'stop' command is executed.
13:00:47 INFO  : 'ps7_init' command is executed.
13:00:47 INFO  : 'ps7_post_config' command is executed.
13:00:47 INFO  : Context for processor 'ps7_cortexa9_0' is selected.
13:00:47 INFO  : Processor reset is completed for 'ps7_cortexa9_0'.
13:00:47 INFO  : Context for processor 'ps7_cortexa9_0' is selected.
13:00:49 INFO  : The application '/home/users/kfujita/tmp_test/Zybo-Z7-20-pcam-5c-2019.1/vivado_proj/Zybo-Z7-20-pcam-5c.sdk/pcam_vdma_hdmi/Debug/pcam_vdma_hdmi.elf' is downloaded to processor 'ps7_cortexa9_0'.
13:00:49 INFO  : 'configparams force-mem-access 0' command is executed.
13:00:49 INFO  : ----------------XSDB Script----------------
connect -url tcp:127.0.0.1:3121
source /home/users/kfujita/tmp_test/Zybo-Z7-20-pcam-5c-2019.1/vivado_proj/Zybo-Z7-20-pcam-5c.sdk/system_top_hw_platform_0/ps7_init.tcl
targets -set -nocase -filter {name =~"APU*" && jtag_cable_name =~ "Digilent Zybo Z7 210351A81FE5A"} -index 0
loadhw -hw /home/users/kfujita/tmp_test/Zybo-Z7-20-pcam-5c-2019.1/vivado_proj/Zybo-Z7-20-pcam-5c.sdk/system_top_hw_platform_0/system.hdf -mem-ranges [list {0x40000000 0xbfffffff}]
configparams force-mem-access 1
targets -set -nocase -filter {name =~"APU*" && jtag_cable_name =~ "Digilent Zybo Z7 210351A81FE5A"} -index 0
stop
ps7_init
ps7_post_config
targets -set -nocase -filter {name =~ "ARM*#0" && jtag_cable_name =~ "Digilent Zybo Z7 210351A81FE5A"} -index 0
rst -processor
targets -set -nocase -filter {name =~ "ARM*#0" && jtag_cable_name =~ "Digilent Zybo Z7 210351A81FE5A"} -index 0
dow /home/users/kfujita/tmp_test/Zybo-Z7-20-pcam-5c-2019.1/vivado_proj/Zybo-Z7-20-pcam-5c.sdk/pcam_vdma_hdmi/Debug/pcam_vdma_hdmi.elf
configparams force-mem-access 0
----------------End of Script----------------

13:00:49 INFO  : Memory regions updated for context APU
13:00:49 INFO  : Context for processor 'ps7_cortexa9_0' is selected.
13:00:49 INFO  : 'con' command is executed.
13:00:49 INFO  : ----------------XSDB Script (After Launch)----------------
targets -set -nocase -filter {name =~ "ARM*#0" && jtag_cable_name =~ "Digilent Zybo Z7 210351A81FE5A"} -index 0
con
----------------End of Script----------------

13:00:49 INFO  : Launch script is exported to file '/home/users/kfujita/tmp_test/Zybo-Z7-20-pcam-5c-2019.1/vivado_proj/Zybo-Z7-20-pcam-5c.sdk/.sdk/launch_scripts/xilinx_c-c++_application_(system_debugger)/system_debugger_using_debug_pcam_vdma_hdmi.elf_on_local.tcl'
13:01:45 INFO  : Disconnected from the channel tcfchan#1.
13:01:46 INFO  : 'targets -set -filter {jtag_cable_name =~ "Digilent Zybo Z7 210351A81FE5A" && level==0} -index 1' command is executed.
13:01:46 INFO  : 'fpga -state' command is executed.
13:01:46 INFO  : Connected to target on host '127.0.0.1' and port '3121'.
13:01:46 INFO  : Jtag cable 'Digilent Zybo Z7 210351A81FE5A' is selected.
13:01:46 INFO  : 'jtag frequency' command is executed.
13:01:46 INFO  : Sourcing of '/home/users/kfujita/tmp_test/Zybo-Z7-20-pcam-5c-2019.1/vivado_proj/Zybo-Z7-20-pcam-5c.sdk/system_top_hw_platform_0/ps7_init.tcl' is done.
13:01:46 INFO  : Context for 'APU' is selected.
13:01:48 INFO  : Hardware design information is loaded from '/home/users/kfujita/tmp_test/Zybo-Z7-20-pcam-5c-2019.1/vivado_proj/Zybo-Z7-20-pcam-5c.sdk/system_top_hw_platform_0/system.hdf'.
13:01:48 INFO  : 'configparams force-mem-access 1' command is executed.
13:01:48 INFO  : Context for 'APU' is selected.
13:01:48 INFO  : 'stop' command is executed.
13:01:49 INFO  : 'ps7_init' command is executed.
13:01:49 INFO  : 'ps7_post_config' command is executed.
13:01:49 INFO  : Context for processor 'ps7_cortexa9_0' is selected.
13:01:49 INFO  : Processor reset is completed for 'ps7_cortexa9_0'.
13:01:49 INFO  : Context for processor 'ps7_cortexa9_0' is selected.
13:01:51 INFO  : The application '/home/users/kfujita/tmp_test/Zybo-Z7-20-pcam-5c-2019.1/vivado_proj/Zybo-Z7-20-pcam-5c.sdk/pcam_vdma_hdmi/Debug/pcam_vdma_hdmi.elf' is downloaded to processor 'ps7_cortexa9_0'.
13:01:51 INFO  : 'configparams force-mem-access 0' command is executed.
13:01:51 INFO  : ----------------XSDB Script----------------
connect -url tcp:127.0.0.1:3121
source /home/users/kfujita/tmp_test/Zybo-Z7-20-pcam-5c-2019.1/vivado_proj/Zybo-Z7-20-pcam-5c.sdk/system_top_hw_platform_0/ps7_init.tcl
targets -set -nocase -filter {name =~"APU*" && jtag_cable_name =~ "Digilent Zybo Z7 210351A81FE5A"} -index 0
loadhw -hw /home/users/kfujita/tmp_test/Zybo-Z7-20-pcam-5c-2019.1/vivado_proj/Zybo-Z7-20-pcam-5c.sdk/system_top_hw_platform_0/system.hdf -mem-ranges [list {0x40000000 0xbfffffff}]
configparams force-mem-access 1
targets -set -nocase -filter {name =~"APU*" && jtag_cable_name =~ "Digilent Zybo Z7 210351A81FE5A"} -index 0
stop
ps7_init
ps7_post_config
targets -set -nocase -filter {name =~ "ARM*#0" && jtag_cable_name =~ "Digilent Zybo Z7 210351A81FE5A"} -index 0
rst -processor
targets -set -nocase -filter {name =~ "ARM*#0" && jtag_cable_name =~ "Digilent Zybo Z7 210351A81FE5A"} -index 0
dow /home/users/kfujita/tmp_test/Zybo-Z7-20-pcam-5c-2019.1/vivado_proj/Zybo-Z7-20-pcam-5c.sdk/pcam_vdma_hdmi/Debug/pcam_vdma_hdmi.elf
configparams force-mem-access 0
----------------End of Script----------------

13:01:51 INFO  : Memory regions updated for context APU
13:01:51 INFO  : Context for processor 'ps7_cortexa9_0' is selected.
13:01:51 INFO  : 'con' command is executed.
13:01:51 INFO  : ----------------XSDB Script (After Launch)----------------
targets -set -nocase -filter {name =~ "ARM*#0" && jtag_cable_name =~ "Digilent Zybo Z7 210351A81FE5A"} -index 0
con
----------------End of Script----------------

13:01:51 INFO  : Launch script is exported to file '/home/users/kfujita/tmp_test/Zybo-Z7-20-pcam-5c-2019.1/vivado_proj/Zybo-Z7-20-pcam-5c.sdk/.sdk/launch_scripts/xilinx_c-c++_application_(system_debugger)/system_debugger_using_debug_pcam_vdma_hdmi.elf_on_local.tcl'
13:05:52 INFO  : Disconnected from the channel tcfchan#2.
