#-----------------------------------------------------------
# Webtalk v2019.1 (64-bit)
# SW Build 2552052 on Fri May 24 14:47:09 MDT 2019
# 
# Start of session at: Tue Aug 18 18:24:51 2020
# Process ID: 1193
# Current directory: /home/users/kfujita/tmp_test/Zybo-Z7-20-pcam-5c-2019.1/vivado_proj/Zybo-Z7-20-pcam-5c.sdk/webtalk
# Command line: wbtcv -mode batch -source sdk_webtalk.tcl
# Log file: /home/users/kfujita/tmp_test/Zybo-Z7-20-pcam-5c-2019.1/vivado_proj/Zybo-Z7-20-pcam-5c.sdk/webtalk/webtalk.log
# Journal file: /home/users/kfujita/tmp_test/Zybo-Z7-20-pcam-5c-2019.1/vivado_proj/Zybo-Z7-20-pcam-5c.sdk/webtalk/webtalk.jou
#-----------------------------------------------------------
source sdk_webtalk.tcl
# webtalk_init -webtalk_dir /home/users/kfujita/tmp_test/Zybo-Z7-20-pcam-5c-2019.1/vivado_proj/Zybo-Z7-20-pcam-5c.sdk/webtalk
# webtalk_register_client -client project
# webtalk_add_data -client project -key date_generated -value "2020-08-18 18:24:50" -context "software_version_and_target_device"
# webtalk_add_data -client project -key product_version -value "SDK v2019.1" -context "software_version_and_target_device"
# webtalk_add_data -client project -key build_version -value "2019.1" -context "software_version_and_target_device"
# webtalk_add_data -client project -key os_platform -value "amd64" -context "software_version_and_target_device"
# webtalk_add_data -client project -key registration_id -value "174123905_174123906_0_557" -context "software_version_and_target_device"
# webtalk_add_data -client project -key tool_flow -value "SDK" -context "software_version_and_target_device"
# webtalk_add_data -client project -key beta -value "false" -context "software_version_and_target_device"
# webtalk_add_data -client project -key route_design -value "NA" -context "software_version_and_target_device"
# webtalk_add_data -client project -key target_family -value "NA" -context "software_version_and_target_device"
# webtalk_add_data -client project -key target_device -value "NA" -context "software_version_and_target_device"
# webtalk_add_data -client project -key target_package -value "NA" -context "software_version_and_target_device"
# webtalk_add_data -client project -key target_speed -value "NA" -context "software_version_and_target_device"
# webtalk_add_data -client project -key random_id -value "2pn0ven327ofoe3t5snbkvia3s" -context "software_version_and_target_device"
# webtalk_add_data -client project -key project_id -value "2019.1_2" -context "software_version_and_target_device"
# webtalk_add_data -client project -key project_iteration -value "2" -context "software_version_and_target_device"
# webtalk_add_data -client project -key os_name -value "CentOS" -context "user_environment"
# webtalk_add_data -client project -key os_release -value "CentOS Linux release 7.8.2003 (Core)" -context "user_environment"
# webtalk_add_data -client project -key cpu_name -value "Intel(R) Core(TM) i7-2600K CPU @ 3.40GHz" -context "user_environment"
# webtalk_add_data -client project -key cpu_speed -value "2834.716 MHz" -context "user_environment"
# webtalk_add_data -client project -key total_processors -value "1" -context "user_environment"
# webtalk_add_data -client project -key system_ram -value "16.625 GB" -context "user_environment"
# webtalk_register_client -client sdk
# webtalk_add_data -client sdk -key uid -value "1597742535000" -context "sdk\\\\hardware/1597742535000"
# webtalk_add_data -client sdk -key isZynq -value "true" -context "sdk\\\\hardware/1597742535000"
# webtalk_add_data -client sdk -key isZynqMP -value "false" -context "sdk\\\\hardware/1597742535000"
# webtalk_add_data -client sdk -key Processors -value "2" -context "sdk\\\\hardware/1597742535000"
# webtalk_add_data -client sdk -key VivadoVersion -value "2019.1" -context "sdk\\\\hardware/1597742535000"
# webtalk_add_data -client sdk -key Arch -value "zynq" -context "sdk\\\\hardware/1597742535000"
# webtalk_add_data -client sdk -key Device -value "7z020" -context "sdk\\\\hardware/1597742535000"
# webtalk_add_data -client sdk -key IsHandoff -value "true" -context "sdk\\\\hardware/1597742535000"
# webtalk_add_data -client sdk -key os -value "NA" -context "sdk\\\\hardware/1597742535000"
# webtalk_add_data -client sdk -key apptemplate -value "NA" -context "sdk\\\\hardware/1597742535000"
# webtalk_add_data -client sdk -key RecordType -value "HWCreation" -context "sdk\\\\hardware/1597742535000"
# webtalk_add_data -client sdk -key uid -value "1597742579000" -context "sdk\\\\bsp/1597742579000"
# webtalk_add_data -client sdk -key hwid -value "1597742535000" -context "sdk\\\\bsp/1597742579000"
# webtalk_add_data -client sdk -key os -value "standalone" -context "sdk\\\\bsp/1597742579000"
# webtalk_add_data -client sdk -key apptemplate -value "empty_application" -context "sdk\\\\bsp/1597742579000"
# webtalk_add_data -client sdk -key RecordType -value "BSPCreation" -context "sdk\\\\bsp/1597742579000"
# webtalk_add_data -client sdk -key uid -value "1597742591000" -context "sdk\\\\application/1597742591000"
# webtalk_add_data -client sdk -key hwid -value "1597742535000" -context "sdk\\\\application/1597742591000"
# webtalk_add_data -client sdk -key bspid -value "1597742579000" -context "sdk\\\\application/1597742591000"
# webtalk_add_data -client sdk -key newbsp -value "true" -context "sdk\\\\application/1597742591000"
# webtalk_add_data -client sdk -key os -value "standalone" -context "sdk\\\\application/1597742591000"
# webtalk_add_data -client sdk -key apptemplate -value "empty_application" -context "sdk\\\\application/1597742591000"
# webtalk_add_data -client sdk -key RecordType -value "APPCreation" -context "sdk\\\\application/1597742591000"
# webtalk_add_data -client sdk -key LangUsed -value "CPP" -context "sdk\\\\application/1597742591000"
# webtalk_add_data -client sdk -key Procused -value "ps7_cortexa9" -context "sdk\\\\application/1597742591000"
# webtalk_add_data -client sdk -key projSize -value "1441.39453125" -context "sdk\\\\application/1597742591000"
# webtalk_add_data -client sdk -key uid -value "NA" -context "sdk\\\\bsp/1597742690335"
# webtalk_add_data -client sdk -key RecordType -value "ToolUsage" -context "sdk\\\\bsp/1597742690335"
# webtalk_add_data -client sdk -key BootgenCount -value "0" -context "sdk\\\\bsp/1597742690335"
# webtalk_add_data -client sdk -key DebugCount -value "0" -context "sdk\\\\bsp/1597742690335"
# webtalk_add_data -client sdk -key PerfCount -value "0" -context "sdk\\\\bsp/1597742690335"
# webtalk_add_data -client sdk -key FlashCount -value "0" -context "sdk\\\\bsp/1597742690335"
# webtalk_add_data -client sdk -key CrossTriggCount -value "0" -context "sdk\\\\bsp/1597742690335"
# webtalk_add_data -client sdk -key QemuDebugCount -value "0" -context "sdk\\\\bsp/1597742690335"
# webtalk_transmit -clientid 971003982 -regid "174123905_174123906_0_557" -xml /home/users/kfujita/tmp_test/Zybo-Z7-20-pcam-5c-2019.1/vivado_proj/Zybo-Z7-20-pcam-5c.sdk/webtalk/usage_statistics_ext_sdk.xml -html /home/users/kfujita/tmp_test/Zybo-Z7-20-pcam-5c-2019.1/vivado_proj/Zybo-Z7-20-pcam-5c.sdk/webtalk/usage_statistics_ext_sdk.html -wdm /home/users/kfujita/tmp_test/Zybo-Z7-20-pcam-5c-2019.1/vivado_proj/Zybo-Z7-20-pcam-5c.sdk/webtalk/sdk_webtalk.wdm -intro "<H3>SDK Usage Report</H3><BR>"
INFO: [Common 17-186] '/home/users/kfujita/tmp_test/Zybo-Z7-20-pcam-5c-2019.1/vivado_proj/Zybo-Z7-20-pcam-5c.sdk/webtalk/usage_statistics_ext_sdk.xml' has been successfully sent to Xilinx on Tue Aug 18 18:24:54 2020. For additional details about this file, please refer to the WebTalk help file at /home/cad/xilinx-vivado-2019.1/SDK/2019.1/doc/webtalk_introduction.html.
# webtalk_terminate
INFO: [Common 17-206] Exiting Webtalk at Tue Aug 18 18:24:54 2020...
