#-----------------------------------------------------------
# Vivado v2019.1 (64-bit)
# SW Build 2552052 on Fri May 24 14:47:09 MDT 2019
# IP Build 2548770 on Fri May 24 18:01:18 MDT 2019
# Start of session at: Wed Aug 19 11:57:28 2020
# Process ID: 9222
# Current directory: /home/users/kfujita/tmp_test/Zybo-Z7-20-pcam-5c-2019.1
# Command line: vivado vivado_proj/Zybo-Z7-20-pcam-5c.xpr
# Log file: /home/users/kfujita/tmp_test/Zybo-Z7-20-pcam-5c-2019.1/vivado.log
# Journal file: /home/users/kfujita/tmp_test/Zybo-Z7-20-pcam-5c-2019.1/vivado.jou
#-----------------------------------------------------------
start_gui
open_project vivado_proj/Zybo-Z7-20-pcam-5c.xpr
Scanning sources...
Finished scanning sources
INFO: [IP_Flow 19-234] Refreshing IP repositories
INFO: [IP_Flow 19-1700] Loaded user IP repository '/home/users/kfujita/tmp_test/Zybo-Z7-20-pcam-5c-2019.1/vivado_proj/Zybo-Z7-20-pcam-5c.ipdefs/repo_0'.
INFO: [IP_Flow 19-2313] Loaded Vivado IP repository '/home/cad/xilinx-vivado-2019.1/Vivado/2019.1/data/ip'.
open_project: Time (s): cpu = 00:00:22 ; elapsed = 00:00:13 . Memory (MB): peak = 6620.797 ; gain = 133.195 ; free physical = 6461 ; free virtual = 20867
update_compile_order -fileset sources_1
set_property -dict [list CONFIG.kRstActiveHigh {false}] [get_ips rgb2dvi_0]
generate_target all [get_files  /home/users/kfujita/tmp_test/Zybo-Z7-20-pcam-5c-2019.1/vivado_proj/Zybo-Z7-20-pcam-5c.srcs/sources_1/ip/rgb2dvi_0/rgb2dvi_0.xci]
INFO: [IP_Flow 19-1686] Generating 'Instantiation Template' target for IP 'rgb2dvi_0'...
INFO: [IP_Flow 19-1686] Generating 'Synthesis' target for IP 'rgb2dvi_0'...
INFO: [IP_Flow 19-1686] Generating 'Simulation' target for IP 'rgb2dvi_0'...
catch { config_ip_cache -export [get_ips -all rgb2dvi_0] }
INFO: [IP_Flow 19-4993] Using cached IP synthesis design for IP rgb2dvi_0, cache-ID = fd45b2125168e945; cache size = 25.882 MB.
catch { [ delete_ip_run [get_ips -all rgb2dvi_0] ] }
INFO: [Project 1-386] Moving file '/home/users/kfujita/tmp_test/Zybo-Z7-20-pcam-5c-2019.1/vivado_proj/Zybo-Z7-20-pcam-5c.srcs/sources_1/ip/rgb2dvi_0/rgb2dvi_0.xci' from fileset 'rgb2dvi_0' to fileset 'sources_1'.
export_ip_user_files -of_objects [get_files /home/users/kfujita/tmp_test/Zybo-Z7-20-pcam-5c-2019.1/vivado_proj/Zybo-Z7-20-pcam-5c.srcs/sources_1/ip/rgb2dvi_0/rgb2dvi_0.xci] -no_script -sync -force -quiet
create_ip_run [get_files -of_objects [get_fileset sources_1] /home/users/kfujita/tmp_test/Zybo-Z7-20-pcam-5c-2019.1/vivado_proj/Zybo-Z7-20-pcam-5c.srcs/sources_1/ip/rgb2dvi_0/rgb2dvi_0.xci]
INFO: [Vivado 12-3453] The given sub-design is up-to-date, no action was taken.  If a run is still desired, use the '-force' option for the file:'/home/users/kfujita/tmp_test/Zybo-Z7-20-pcam-5c-2019.1/vivado_proj/Zybo-Z7-20-pcam-5c.srcs/sources_1/ip/rgb2dvi_0/rgb2dvi_0.xci'
export_simulation -of_objects [get_files /home/users/kfujita/tmp_test/Zybo-Z7-20-pcam-5c-2019.1/vivado_proj/Zybo-Z7-20-pcam-5c.srcs/sources_1/ip/rgb2dvi_0/rgb2dvi_0.xci] -directory /home/users/kfujita/tmp_test/Zybo-Z7-20-pcam-5c-2019.1/vivado_proj/Zybo-Z7-20-pcam-5c.ip_user_files/sim_scripts -ip_user_files_dir /home/users/kfujita/tmp_test/Zybo-Z7-20-pcam-5c-2019.1/vivado_proj/Zybo-Z7-20-pcam-5c.ip_user_files -ipstatic_source_dir /home/users/kfujita/tmp_test/Zybo-Z7-20-pcam-5c-2019.1/vivado_proj/Zybo-Z7-20-pcam-5c.ip_user_files/ipstatic -lib_map_path [list {modelsim=/home/users/kfujita/tmp_test/Zybo-Z7-20-pcam-5c-2019.1/vivado_proj/Zybo-Z7-20-pcam-5c.cache/compile_simlib/modelsim} {questa=/home/users/kfujita/tmp_test/Zybo-Z7-20-pcam-5c-2019.1/vivado_proj/Zybo-Z7-20-pcam-5c.cache/compile_simlib/questa} {ies=/home/users/kfujita/tmp_test/Zybo-Z7-20-pcam-5c-2019.1/vivado_proj/Zybo-Z7-20-pcam-5c.cache/compile_simlib/ies} {xcelium=/home/users/kfujita/tmp_test/Zybo-Z7-20-pcam-5c-2019.1/vivado_proj/Zybo-Z7-20-pcam-5c.cache/compile_simlib/xcelium} {vcs=/home/users/kfujita/tmp_test/Zybo-Z7-20-pcam-5c-2019.1/vivado_proj/Zybo-Z7-20-pcam-5c.cache/compile_simlib/vcs} {riviera=/home/users/kfujita/tmp_test/Zybo-Z7-20-pcam-5c-2019.1/vivado_proj/Zybo-Z7-20-pcam-5c.cache/compile_simlib/riviera}] -use_ip_compiled_libs -force -quiet
update_compile_order -fileset sources_1
reset_run synth_1
launch_runs impl_1 -to_step write_bitstream -jobs 8
INFO: [Vivado 12-4149] The synthesis checkpoint for IP '/home/users/kfujita/tmp_test/Zybo-Z7-20-pcam-5c-2019.1/vivado_proj/Zybo-Z7-20-pcam-5c.srcs/sources_1/ip/rgb2dvi_0/rgb2dvi_0.xci' is already up-to-date
[Wed Aug 19 11:59:15 2020] Launched synth_1...
Run output will be captured here: /home/users/kfujita/tmp_test/Zybo-Z7-20-pcam-5c-2019.1/vivado_proj/Zybo-Z7-20-pcam-5c.runs/synth_1/runme.log
[Wed Aug 19 11:59:15 2020] Launched impl_1...
Run output will be captured here: /home/users/kfujita/tmp_test/Zybo-Z7-20-pcam-5c-2019.1/vivado_proj/Zybo-Z7-20-pcam-5c.runs/impl_1/runme.log
reset_run synth_1
launch_runs impl_1 -to_step write_bitstream -jobs 8
INFO: [Vivado 12-4149] The synthesis checkpoint for IP '/home/users/kfujita/tmp_test/Zybo-Z7-20-pcam-5c-2019.1/vivado_proj/Zybo-Z7-20-pcam-5c.srcs/sources_1/ip/rgb2dvi_0/rgb2dvi_0.xci' is already up-to-date
[Wed Aug 19 12:00:44 2020] Launched synth_1...
Run output will be captured here: /home/users/kfujita/tmp_test/Zybo-Z7-20-pcam-5c-2019.1/vivado_proj/Zybo-Z7-20-pcam-5c.runs/synth_1/runme.log
[Wed Aug 19 12:00:44 2020] Launched impl_1...
Run output will be captured here: /home/users/kfujita/tmp_test/Zybo-Z7-20-pcam-5c-2019.1/vivado_proj/Zybo-Z7-20-pcam-5c.runs/impl_1/runme.log
file copy -force /home/users/kfujita/tmp_test/Zybo-Z7-20-pcam-5c-2019.1/vivado_proj/Zybo-Z7-20-pcam-5c.runs/impl_1/system_top.sysdef /home/users/kfujita/tmp_test/Zybo-Z7-20-pcam-5c-2019.1/vivado_proj/Zybo-Z7-20-pcam-5c.sdk/system_top.hdf

launch_sdk -workspace /home/users/kfujita/tmp_test/Zybo-Z7-20-pcam-5c-2019.1/vivado_proj/Zybo-Z7-20-pcam-5c.sdk -hwspec /home/users/kfujita/tmp_test/Zybo-Z7-20-pcam-5c-2019.1/vivado_proj/Zybo-Z7-20-pcam-5c.sdk/system_top.hdf
INFO: [Vivado 12-393] Launching SDK...
INFO: [Vivado 12-417] Running xsdk -workspace /home/users/kfujita/tmp_test/Zybo-Z7-20-pcam-5c-2019.1/vivado_proj/Zybo-Z7-20-pcam-5c.sdk -hwspec /home/users/kfujita/tmp_test/Zybo-Z7-20-pcam-5c-2019.1/vivado_proj/Zybo-Z7-20-pcam-5c.sdk/system_top.hdf
INFO: [Vivado 12-3157] SDK launch initiated. Please check console for any further messages.
file copy -force /home/users/kfujita/tmp_test/Zybo-Z7-20-pcam-5c-2019.1/vivado_proj/Zybo-Z7-20-pcam-5c.runs/impl_1/system_top.sysdef /home/users/kfujita/tmp_test/Zybo-Z7-20-pcam-5c-2019.1/vivado_proj/Zybo-Z7-20-pcam-5c.sdk/system_top.hdf

launch_sdk -workspace /home/users/kfujita/tmp_test/Zybo-Z7-20-pcam-5c-2019.1/vivado_proj/Zybo-Z7-20-pcam-5c.sdk -hwspec /home/users/kfujita/tmp_test/Zybo-Z7-20-pcam-5c-2019.1/vivado_proj/Zybo-Z7-20-pcam-5c.sdk/system_top.hdf
INFO: [Vivado 12-393] Launching SDK...
INFO: [Vivado 12-417] Running xsdk -workspace /home/users/kfujita/tmp_test/Zybo-Z7-20-pcam-5c-2019.1/vivado_proj/Zybo-Z7-20-pcam-5c.sdk -hwspec /home/users/kfujita/tmp_test/Zybo-Z7-20-pcam-5c-2019.1/vivado_proj/Zybo-Z7-20-pcam-5c.sdk/system_top.hdf
INFO: [Vivado 12-3157] SDK launch initiated. Please check console for any further messages.
reset_run impl_1 -prev_step 
launch_runs impl_1 -to_step write_bitstream -jobs 8
INFO: [Vivado 12-4149] The synthesis checkpoint for IP '/home/users/kfujita/tmp_test/Zybo-Z7-20-pcam-5c-2019.1/vivado_proj/Zybo-Z7-20-pcam-5c.srcs/sources_1/ip/rgb2dvi_0/rgb2dvi_0.xci' is already up-to-date
[Wed Aug 19 12:29:55 2020] Launched impl_1...
Run output will be captured here: /home/users/kfujita/tmp_test/Zybo-Z7-20-pcam-5c-2019.1/vivado_proj/Zybo-Z7-20-pcam-5c.runs/impl_1/runme.log
open_run impl_1
INFO: [Device 21-403] Loading part xc7z020clg400-1
INFO: [Netlist 29-17] Analyzing 1082 Unisim elements for replacement
INFO: [Netlist 29-28] Unisim Transformation completed in 0 CPU seconds
INFO: [Project 1-479] Netlist was created with Vivado 2019.1
INFO: [Project 1-570] Preparing netlist for logic optimization
INFO: [Timing 38-478] Restoring timing data from binary archive.
INFO: [Timing 38-479] Binary timing data restore complete.
INFO: [Project 1-856] Restoring constraints from binary archive.
INFO: [Project 1-853] Binary constraint restore complete.
Reading XDEF placement.
Reading placer database...
Reading XDEF routing.
Read XDEF File: Time (s): cpu = 00:00:01 ; elapsed = 00:00:01 . Memory (MB): peak = 7749.875 ; gain = 6.668 ; free physical = 5588 ; free virtual = 20004
Restored from archive | CPU: 1.490000 secs | Memory: 20.001984 MB |
Finished XDEF File Restore: Time (s): cpu = 00:00:01 ; elapsed = 00:00:01 . Memory (MB): peak = 7749.875 ; gain = 6.668 ; free physical = 5588 ; free virtual = 20004
Netlist sorting complete. Time (s): cpu = 00:00:00 ; elapsed = 00:00:00 . Memory (MB): peak = 7749.875 ; gain = 0.000 ; free physical = 5591 ; free virtual = 20006
INFO: [Project 1-111] Unisim Transformation Summary:
  A total of 19 instances were transformed.
  IOBUF => IOBUF (IBUF, OBUFT): 3 instances
  RAM32M => RAM32M (RAMD32, RAMD32, RAMD32, RAMD32, RAMD32, RAMD32, RAMS32, RAMS32): 15 instances
  RAM32X1D => RAM32X1D (RAMD32, RAMD32): 1 instances

open_run: Time (s): cpu = 00:00:29 ; elapsed = 00:00:25 . Memory (MB): peak = 7902.719 ; gain = 837.348 ; free physical = 5486 ; free virtual = 19902
open_report: Time (s): cpu = 00:00:13 ; elapsed = 00:00:07 . Memory (MB): peak = 7982.527 ; gain = 0.000 ; free physical = 5417 ; free virtual = 19833
CRITICAL WARNING: [Timing 38-282] The design failed to meet the timing requirements. Please see the timing summary report for details on the timing violations.
WARNING: [Timing 38-436] There are set_bus_skew constraint(s) in this design. Please run report_bus_skew to ensure that bus skew requirements are met.
file copy -force /home/users/kfujita/tmp_test/Zybo-Z7-20-pcam-5c-2019.1/vivado_proj/Zybo-Z7-20-pcam-5c.runs/impl_1/system_top.sysdef /home/users/kfujita/tmp_test/Zybo-Z7-20-pcam-5c-2019.1/vivado_proj/Zybo-Z7-20-pcam-5c.sdk/system_top.hdf

launch_sdk -workspace /home/users/kfujita/tmp_test/Zybo-Z7-20-pcam-5c-2019.1/vivado_proj/Zybo-Z7-20-pcam-5c.sdk -hwspec /home/users/kfujita/tmp_test/Zybo-Z7-20-pcam-5c-2019.1/vivado_proj/Zybo-Z7-20-pcam-5c.sdk/system_top.hdf
INFO: [Vivado 12-393] Launching SDK...
INFO: [Vivado 12-417] Running xsdk -workspace /home/users/kfujita/tmp_test/Zybo-Z7-20-pcam-5c-2019.1/vivado_proj/Zybo-Z7-20-pcam-5c.sdk -hwspec /home/users/kfujita/tmp_test/Zybo-Z7-20-pcam-5c-2019.1/vivado_proj/Zybo-Z7-20-pcam-5c.sdk/system_top.hdf
INFO: [Vivado 12-3157] SDK launch initiated. Please check console for any further messages.
exit
INFO: [Common 17-206] Exiting Vivado at Wed Aug 19 13:06:01 2020...
