#-----------------------------------------------------------
# Vivado v2019.1 (64-bit)
# SW Build 2552052 on Fri May 24 14:47:09 MDT 2019
# IP Build 2548770 on Fri May 24 18:01:18 MDT 2019
# Start of session at: Wed Aug 19 11:02:04 2020
# Process ID: 3699
# Current directory: /home/users/kfujita/tmp_test/Zybo-Z7-20-pcam-5c-2019.1
# Command line: vivado vivado_proj/Zybo-Z7-20-pcam-5c.xpr
# Log file: /home/users/kfujita/tmp_test/Zybo-Z7-20-pcam-5c-2019.1/vivado.log
# Journal file: /home/users/kfujita/tmp_test/Zybo-Z7-20-pcam-5c-2019.1/vivado.jou
#-----------------------------------------------------------
start_gui
open_project vivado_proj/Zybo-Z7-20-pcam-5c.xpr
Scanning sources...
Finished scanning sources
INFO: [IP_Flow 19-234] Refreshing IP repositories
INFO: [IP_Flow 19-1700] Loaded user IP repository '/home/users/kfujita/tmp_test/Zybo-Z7-20-pcam-5c-2019.1/vivado_proj/Zybo-Z7-20-pcam-5c.ipdefs/repo_0'.
INFO: [IP_Flow 19-2313] Loaded Vivado IP repository '/home/cad/xilinx-vivado-2019.1/Vivado/2019.1/data/ip'.
open_project: Time (s): cpu = 00:00:23 ; elapsed = 00:00:14 . Memory (MB): peak = 6642.688 ; gain = 174.648 ; free physical = 6768 ; free virtual = 20892
update_compile_order -fileset sources_1
open_bd_design {/home/users/kfujita/tmp_test/Zybo-Z7-20-pcam-5c-2019.1/vivado_proj/Zybo-Z7-20-pcam-5c.srcs/sources_1/bd/system/system.bd}
Adding component instance block -- digilentinc.com:user:AXI_BayerToRGB:1.0 - AXI_BayerToRGB_1
Adding component instance block -- digilentinc.com:user:AXI_GammaCorrection:1.0 - AXI_GammaCorrection_0
Adding component instance block -- xilinx.com:module_ref:DVIClocking:1.0 - DVIClocking_0
Adding component instance block -- digilentinc.com:ip:MIPI_CSI_2_RX:1.2 - MIPI_CSI_2_RX_0
Adding component instance block -- digilentinc.com:ip:MIPI_D_PHY_RX:1.3 - MIPI_D_PHY_RX_0
Adding component instance block -- xilinx.com:ip:axi_interconnect:2.1 - axi_mem_intercon
Adding component instance block -- xilinx.com:ip:axi_protocol_converter:2.1 - auto_pc
Adding component instance block -- xilinx.com:ip:axi_interconnect:2.1 - axi_mem_intercon_1
Adding component instance block -- xilinx.com:ip:axi_protocol_converter:2.1 - auto_pc
Adding component instance block -- xilinx.com:ip:axi_vdma:6.3 - axi_vdma_0
Adding component instance block -- xilinx.com:ip:clk_wiz:6.0 - clk_wiz_0
Adding component instance block -- xilinx.com:ip:processing_system7:5.5 - processing_system7_0
Adding component instance block -- xilinx.com:ip:axi_interconnect:2.1 - ps7_0_axi_periph
Adding component instance block -- xilinx.com:ip:axi_crossbar:2.1 - xbar
Adding component instance block -- xilinx.com:ip:axi_protocol_converter:2.1 - auto_pc
Adding component instance block -- xilinx.com:ip:proc_sys_reset:5.0 - rst_clk_wiz_0_50M
Adding component instance block -- xilinx.com:ip:proc_sys_reset:5.0 - rst_vid_clk_dyn
Adding component instance block -- xilinx.com:ip:v_axi4s_vid_out:4.0 - v_axi4s_vid_out_0
Adding component instance block -- xilinx.com:ip:clk_wiz:6.0 - video_dynclk
Adding component instance block -- xilinx.com:ip:v_tc:6.1 - vtg
Adding component instance block -- xilinx.com:ip:xlconcat:2.1 - xlconcat_0
WARNING: [BD 41-1731] Type mismatch between connected pins: /DVIClocking_0/PixelClk(undef) and /rst_vid_clk_dyn/slowest_sync_clk(clk)
WARNING: [BD 41-1731] Type mismatch between connected pins: /DVIClocking_0/PixelClk(undef) and /v_axi4s_vid_out_0/vid_io_out_clk(clk)
WARNING: [BD 41-1731] Type mismatch between connected pins: /DVIClocking_0/PixelClk(undef) and /vtg/clk(clk)
WARNING: [BD 41-1731] Type mismatch between connected pins: /DVIClocking_0/PixelClk(undef) and /PixelClk(clk)
WARNING: [BD 41-1731] Type mismatch between connected pins: /video_dynclk/pxl_clk_5x(clk) and /DVIClocking_0/PixelClk5X(undef)
WARNING: [BD 41-1731] Type mismatch between connected pins: /v_axi4s_vid_out_0/locked(undef) and /locked(rst)
WARNING: [BD 41-1731] Type mismatch between connected pins: /DVIClocking_0/SerialClk(undef) and /SerialClk(clk)
Successfully read diagram <system> from BD file </home/users/kfujita/tmp_test/Zybo-Z7-20-pcam-5c-2019.1/vivado_proj/Zybo-Z7-20-pcam-5c.srcs/sources_1/bd/system/system.bd>
exit
INFO: [Common 17-206] Exiting Vivado at Wed Aug 19 11:54:23 2020...
